I, [2016-01-19T12:01:53.887074 #98515]  INFO -- default-ubuntu-1404-virtualbox: -----> Cleaning up any prior instances of <default-ubuntu-1404-virtualbox>
I, [2016-01-19T12:01:53.888192 #98515]  INFO -- default-ubuntu-1404-virtualbox: -----> Destroying <default-ubuntu-1404-virtualbox>...
I, [2016-01-19T12:02:01.345698 #98515]  INFO -- default-ubuntu-1404-virtualbox: ==> default: Forcing shutdown of VM...
I, [2016-01-19T12:02:02.474311 #98515]  INFO -- default-ubuntu-1404-virtualbox: ==> default: Destroying VM and associated drives...
I, [2016-01-19T12:02:02.714022 #98515]  INFO -- default-ubuntu-1404-virtualbox: Vagrant instance <default-ubuntu-1404-virtualbox> destroyed.
I, [2016-01-19T12:02:02.731600 #98515]  INFO -- default-ubuntu-1404-virtualbox: Finished destroying <default-ubuntu-1404-virtualbox> (0m8.83s).
I, [2016-01-19T12:02:02.732015 #98515]  INFO -- default-ubuntu-1404-virtualbox: -----> Testing <default-ubuntu-1404-virtualbox>
I, [2016-01-19T12:02:02.732181 #98515]  INFO -- default-ubuntu-1404-virtualbox: -----> Creating <default-ubuntu-1404-virtualbox>...
I, [2016-01-19T12:04:32.330508 #98515]  INFO -- default-ubuntu-1404-virtualbox: Bringing machine 'default' up with 'virtualbox' provider...
I, [2016-01-19T12:04:32.432709 #98515]  INFO -- default-ubuntu-1404-virtualbox: ==> default: Importing base box 'daptiv/trusty64'...
I, [2016-01-19T12:04:49.090524 #98515]  INFO -- default-ubuntu-1404-virtualbox: [KProgress: 10%[KProgress: 20%[KProgress: 30%[KProgress: 40%[KProgress: 60%[KProgress: 80%[KProgress: 90%[K==> default: Matching MAC address for NAT networking...
I, [2016-01-19T12:04:49.291332 #98515]  INFO -- default-ubuntu-1404-virtualbox: ==> default: Checking if box 'daptiv/trusty64' is up to date...
I, [2016-01-19T12:04:49.350785 #98515]  INFO -- default-ubuntu-1404-virtualbox: ==> default: A newer version of the box 'daptiv/trusty64' is available! You currently
I, [2016-01-19T12:04:49.350868 #98515]  INFO -- default-ubuntu-1404-virtualbox: ==> default: have version '0'. The latest is version '1.0.9'. Run
I, [2016-01-19T12:04:49.350909 #98515]  INFO -- default-ubuntu-1404-virtualbox: ==> default: `vagrant box update` to update.
I, [2016-01-19T12:04:49.883980 #98515]  INFO -- default-ubuntu-1404-virtualbox: ==> default: Setting the name of the VM: kitchen-teamcity-default-ubuntu-1404-virtualbox_default_1453233889842_25644
I, [2016-01-19T12:04:50.404924 #98515]  INFO -- default-ubuntu-1404-virtualbox: ==> default: Clearing any previously set network interfaces...
I, [2016-01-19T12:04:50.456226 #98515]  INFO -- default-ubuntu-1404-virtualbox: ==> default: Preparing network interfaces based on configuration...
I, [2016-01-19T12:04:50.456699 #98515]  INFO -- default-ubuntu-1404-virtualbox:     default: Adapter 1: nat
I, [2016-01-19T12:04:50.503672 #98515]  INFO -- default-ubuntu-1404-virtualbox: ==> default: Forwarding ports...
I, [2016-01-19T12:04:50.588462 #98515]  INFO -- default-ubuntu-1404-virtualbox:     default: 22 => 2222 (adapter 1)
I, [2016-01-19T12:04:50.726339 #98515]  INFO -- default-ubuntu-1404-virtualbox: ==> default: Running 'pre-boot' VM customizations...
I, [2016-01-19T12:04:50.824214 #98515]  INFO -- default-ubuntu-1404-virtualbox: ==> default: Booting VM...
I, [2016-01-19T12:04:51.097398 #98515]  INFO -- default-ubuntu-1404-virtualbox: ==> default: Waiting for machine to boot. This may take a few minutes...
I, [2016-01-19T12:04:51.394160 #98515]  INFO -- default-ubuntu-1404-virtualbox:     default: SSH address: 127.0.0.1:2222
I, [2016-01-19T12:04:51.394374 #98515]  INFO -- default-ubuntu-1404-virtualbox:     default: SSH username: vagrant
I, [2016-01-19T12:04:51.394513 #98515]  INFO -- default-ubuntu-1404-virtualbox:     default: SSH auth method: private key
I, [2016-01-19T12:05:06.560040 #98515]  INFO -- default-ubuntu-1404-virtualbox:     default: Warning: Connection timeout. Retrying...
I, [2016-01-19T12:05:07.010104 #98515]  INFO -- default-ubuntu-1404-virtualbox:     default: 
I, [2016-01-19T12:05:07.010186 #98515]  INFO -- default-ubuntu-1404-virtualbox:     default: Vagrant insecure key detected. Vagrant will automatically replace
I, [2016-01-19T12:05:07.010237 #98515]  INFO -- default-ubuntu-1404-virtualbox:     default: this with a newly generated keypair for better security.
I, [2016-01-19T12:05:07.321103 #98515]  INFO -- default-ubuntu-1404-virtualbox:     default: 
I, [2016-01-19T12:05:07.321170 #98515]  INFO -- default-ubuntu-1404-virtualbox:     default: Inserting generated public key within guest...
I, [2016-01-19T12:05:07.385976 #98515]  INFO -- default-ubuntu-1404-virtualbox:     default: Removing insecure key from the guest if it's present...
I, [2016-01-19T12:05:07.478076 #98515]  INFO -- default-ubuntu-1404-virtualbox:     default: Key inserted! Disconnecting and reconnecting using new SSH key...
I, [2016-01-19T12:05:08.154827 #98515]  INFO -- default-ubuntu-1404-virtualbox: ==> default: Machine booted and ready!
I, [2016-01-19T12:05:08.155255 #98515]  INFO -- default-ubuntu-1404-virtualbox: ==> default: Checking for guest additions in VM...
I, [2016-01-19T12:05:08.199385 #98515]  INFO -- default-ubuntu-1404-virtualbox:     default: The guest additions on this VM do not match the installed version of
I, [2016-01-19T12:05:08.199443 #98515]  INFO -- default-ubuntu-1404-virtualbox:     default: VirtualBox! In most cases this is fine, but in rare cases it can
I, [2016-01-19T12:05:08.199461 #98515]  INFO -- default-ubuntu-1404-virtualbox:     default: prevent things such as shared folders from working properly. If you see
I, [2016-01-19T12:05:08.199476 #98515]  INFO -- default-ubuntu-1404-virtualbox:     default: shared folder errors, please make sure the guest additions within the
I, [2016-01-19T12:05:08.199489 #98515]  INFO -- default-ubuntu-1404-virtualbox:     default: virtual machine match the version of VirtualBox you have installed on
I, [2016-01-19T12:05:08.199502 #98515]  INFO -- default-ubuntu-1404-virtualbox:     default: your host and reload your VM.
I, [2016-01-19T12:05:08.199515 #98515]  INFO -- default-ubuntu-1404-virtualbox:     default: 
I, [2016-01-19T12:05:08.199528 #98515]  INFO -- default-ubuntu-1404-virtualbox:     default: Guest Additions Version: 4.3.26
I, [2016-01-19T12:05:08.199541 #98515]  INFO -- default-ubuntu-1404-virtualbox:     default: VirtualBox Version: 5.0
I, [2016-01-19T12:05:08.199770 #98515]  INFO -- default-ubuntu-1404-virtualbox: ==> default: Setting hostname...
I, [2016-01-19T12:05:10.987524 #98515]  INFO -- default-ubuntu-1404-virtualbox: ==> default: Machine not provisioned because `--no-provision` is specified.
I, [2016-01-19T12:05:13.260886 #98515]  INFO -- default-ubuntu-1404-virtualbox: [SSH] Established
I, [2016-01-19T12:05:13.261173 #98515]  INFO -- default-ubuntu-1404-virtualbox: Vagrant instance <default-ubuntu-1404-virtualbox> created.
I, [2016-01-19T12:05:13.262023 #98515]  INFO -- default-ubuntu-1404-virtualbox: Finished creating <default-ubuntu-1404-virtualbox> (3m10.53s).
I, [2016-01-19T12:05:13.262111 #98515]  INFO -- default-ubuntu-1404-virtualbox: -----> Converging <default-ubuntu-1404-virtualbox>...
I, [2016-01-19T12:05:13.262850 #98515]  INFO -- default-ubuntu-1404-virtualbox: Preparing files for transfer
I, [2016-01-19T12:05:13.262930 #98515]  INFO -- default-ubuntu-1404-virtualbox: Preparing dna.json
I, [2016-01-19T12:05:13.263378 #98515]  INFO -- default-ubuntu-1404-virtualbox: Resolving cookbook dependencies with Berkshelf 4.0.1...
I, [2016-01-19T12:05:13.655816 #98515]  INFO -- default-ubuntu-1404-virtualbox: Removing non-cookbook files before transfer
I, [2016-01-19T12:05:13.671536 #98515]  INFO -- default-ubuntu-1404-virtualbox: Preparing data_bags
I, [2016-01-19T12:05:13.809156 #98515]  INFO -- default-ubuntu-1404-virtualbox: Preparing secret
I, [2016-01-19T12:05:13.809802 #98515]  INFO -- default-ubuntu-1404-virtualbox: Preparing validation.pem
I, [2016-01-19T12:05:13.810409 #98515]  INFO -- default-ubuntu-1404-virtualbox: Preparing client.rb
I, [2016-01-19T12:05:13.820746 #98515]  INFO -- default-ubuntu-1404-virtualbox: -----> Chef Omnibus installation detected (install only if missing)
I, [2016-01-19T12:05:13.834535 #98515]  INFO -- default-ubuntu-1404-virtualbox: Transferring files to <default-ubuntu-1404-virtualbox>
I, [2016-01-19T12:05:16.541004 #98515]  INFO -- default-ubuntu-1404-virtualbox: Starting Chef Client, version 12.5.1
I, [2016-01-19T12:05:17.915424 #98515]  INFO -- default-ubuntu-1404-virtualbox: Creating a new client identity for default-ubuntu-1404-virtualbox using the validator key.
I, [2016-01-19T12:05:18.030751 #98515]  INFO -- default-ubuntu-1404-virtualbox: resolving cookbooks for run list: ["daptiv_java", "teamcity"]
I, [2016-01-19T12:05:18.425615 #98515]  INFO -- default-ubuntu-1404-virtualbox: Synchronizing Cookbooks:
I, [2016-01-19T12:05:18.473363 #98515]  INFO -- default-ubuntu-1404-virtualbox:   - teamcity (0.3.0)
I, [2016-01-19T12:05:18.482328 #98515]  INFO -- default-ubuntu-1404-virtualbox:   - daptiv_java (1.0.148)
I, [2016-01-19T12:05:18.523284 #98515]  INFO -- default-ubuntu-1404-virtualbox:   - apt (2.9.2)
I, [2016-01-19T12:05:18.572327 #98515]  INFO -- default-ubuntu-1404-virtualbox:   - java (1.25.0)
I, [2016-01-19T12:05:18.598503 #98515]  INFO -- default-ubuntu-1404-virtualbox:   - chef-sugar (2.0.0)
I, [2016-01-19T12:05:18.603587 #98515]  INFO -- default-ubuntu-1404-virtualbox:   - windows (1.32.3)
I, [2016-01-19T12:05:18.604687 #98515]  INFO -- default-ubuntu-1404-virtualbox:   - chef_handler (1.1.6)
I, [2016-01-19T12:05:18.605617 #98515]  INFO -- default-ubuntu-1404-virtualbox: Compiling Cookbooks...
I, [2016-01-19T12:05:18.662214 #98515]  INFO -- default-ubuntu-1404-virtualbox: [2016-01-19T12:05:18-08:00] WARN: WindowsPackage already exists!  Deprecation class overwrites LWRP resource windows_package from cookbook windows
I, [2016-01-19T12:05:18.693787 #98515]  INFO -- default-ubuntu-1404-virtualbox: Converging 33 resources
I, [2016-01-19T12:05:18.696648 #98515]  INFO -- default-ubuntu-1404-virtualbox: Recipe: apt::default
I, [2016-01-19T12:05:18.702225 #98515]  INFO -- default-ubuntu-1404-virtualbox:   * file[/var/lib/apt/periodic/update-success-stamp] action nothing (skipped due to action :nothing)
I, [2016-01-19T12:05:18.704131 #98515]  INFO -- default-ubuntu-1404-virtualbox:   * directory[/etc/apt/apt.conf.d] action create (up to date)
I, [2016-01-19T12:05:18.706701 #98515]  INFO -- default-ubuntu-1404-virtualbox:   * cookbook_file[/etc/apt/apt.conf.d/15update-stamp] action create
I, [2016-01-19T12:05:18.707775 #98515]  INFO -- default-ubuntu-1404-virtualbox: 
I, [2016-01-19T12:05:18.707819 #98515]  INFO -- default-ubuntu-1404-virtualbox:     - update content in file /etc/apt/apt.conf.d/15update-stamp from none to 174cdb
I, [2016-01-19T12:05:18.707994 #98515]  INFO -- default-ubuntu-1404-virtualbox: 	2016-01-19 12:05:18.649004086 -0800
I, [2016-01-19T12:05:18.708130 #98515]  INFO -- default-ubuntu-1404-virtualbox: +++ /etc/apt/apt.conf.d/.15update-stamp20160119-1561-8ryxy2	2016-01-19 12:05:18.649004086 -0800
I, [2016-01-19T12:05:18.708158 #98515]  INFO -- default-ubuntu-1404-virtualbox:     @@ -1 +1,2 @@
I, [2016-01-19T12:05:18.708737 #98515]  INFO -- default-ubuntu-1404-virtualbox: +APT::Update::Post-Invoke-Success {"touch /var/lib/apt/periodic/update-success-stamp 2>/dev/null || true";};
I, [2016-01-19T12:05:18.709217 #98515]  INFO -- default-ubuntu-1404-virtualbox:   * execute[apt-get update] action nothing (skipped due to action :nothing)
I, [2016-01-19T12:05:18.709547 #98515]  INFO -- default-ubuntu-1404-virtualbox:   * execute[apt-get autoremove] action nothing (skipped due to action :nothing)
I, [2016-01-19T12:05:18.709838 #98515]  INFO -- default-ubuntu-1404-virtualbox:   * execute[apt-get autoclean] action nothing (skipped due to action :nothing)
I, [2016-01-19T12:05:33.624298 #98515]  INFO -- default-ubuntu-1404-virtualbox:   * execute[apt-get-update-periodic] action run[2016-01-19T12:05:33-08:00] ERROR: execute[apt-get-update-periodic] (apt::default line 84) had an error: Mixlib::ShellOut::ShellCommandFailed: Expected process to exit with [0], but received '100'
I, [2016-01-19T12:05:33.624357 #98515]  INFO -- default-ubuntu-1404-virtualbox: ---- Begin output of apt-get update ----
I, [2016-01-19T12:05:33.624386 #98515]  INFO -- default-ubuntu-1404-virtualbox: STDOUT: Ign http://artrepo.daptiv.com:8081 trusty InRelease
I, [2016-01-19T12:05:33.624403 #98515]  INFO -- default-ubuntu-1404-virtualbox: Get:1 http://artrepo.daptiv.com:8081 trusty-updates InRelease [64.4 kB]
I, [2016-01-19T12:05:33.624442 #98515]  INFO -- default-ubuntu-1404-virtualbox: Get:2 http://artrepo.daptiv.com:8081 trusty-backports InRelease [64.5 kB]
I, [2016-01-19T12:05:33.624490 #98515]  INFO -- default-ubuntu-1404-virtualbox: Get:3 http://artrepo.daptiv.com:8081 trusty-security InRelease [64.4 kB]
I, [2016-01-19T12:05:33.624537 #98515]  INFO -- default-ubuntu-1404-virtualbox: Get:4 http://artrepo.daptiv.com:8081 trusty InRelease [15.5 kB]
I, [2016-01-19T12:05:33.624895 #98515]  INFO -- default-ubuntu-1404-virtualbox: 
I, [2016-01-19T12:05:33.624932 #98515]  INFO -- default-ubuntu-1404-virtualbox: Get:6 http://artrepo.daptiv.com:8081 trusty InRelease [3914 B]
I, [2016-01-19T12:05:33.624961 #98515]  INFO -- default-ubuntu-1404-virtualbox: Hit http://artrepo.daptiv.com:8081 trusty Release.gpg
I, [2016-01-19T12:05:33.624984 #98515]  INFO -- default-ubuntu-1404-virtualbox: Get:7 http://artrepo.daptiv.com:8081 trusty-updates/main Sources [246 kB]
I, [2016-01-19T12:05:33.625000 #98515]  INFO -- default-ubuntu-1404-virtualbox: Hit http://artrepo.daptiv.com:8081 trusty-updates/restricted Sources
I, [2016-01-19T12:05:33.625023 #98515]  INFO -- default-ubuntu-1404-virtualbox: Hit http://artrepo.daptiv.com:8081 trusty-updates/universe Sources
I, [2016-01-19T12:05:33.625066 #98515]  INFO -- default-ubuntu-1404-virtualbox: Get:8 http://artrepo.daptiv.com:8081 trusty-updates/multiverse Sources [5133 B]
I, [2016-01-19T12:05:33.625099 #98515]  INFO -- default-ubuntu-1404-virtualbox: Get:9 http://artrepo.daptiv.com:8081 trusty-updates/main amd64 Packages [689 kB]
I, [2016-01-19T12:05:33.625118 #98515]  INFO -- default-ubuntu-1404-virtualbox: Get:10 http://artrepo.daptiv.com:8081 trusty-updates/restricted amd64 Packages [15.9 kB]
I, [2016-01-19T12:05:33.625133 #98515]  INFO -- default-ubuntu-1404-virtualbox: Get:11 http://artrepo.daptiv.com:8081 trusty-updates/universe amd64 Packages [334 kB]
I, [2016-01-19T12:05:33.625424 #98515]  INFO -- default-ubuntu-1404-virtualbox: 
I, [2016-01-19T12:05:33.625459 #98515]  INFO -- default-ubuntu-1404-virtualbox: Get:13 http://artrepo.daptiv.com:8081 trusty-updates/main i386 Packages [664 kB]
I, [2016-01-19T12:05:33.625514 #98515]  INFO -- default-ubuntu-1404-virtualbox: Get:14 http://artrepo.daptiv.com:8081 trusty-updates/restricted i386 Packages [15.6 kB]
I, [2016-01-19T12:05:33.625552 #98515]  INFO -- default-ubuntu-1404-virtualbox: Get:15 http://artrepo.daptiv.com:8081 trusty-updates/universe i386 Packages [336 kB]
I, [2016-01-19T12:05:33.625569 #98515]  INFO -- default-ubuntu-1404-virtualbox: Get:16 http://artrepo.daptiv.com:8081 trusty-updates/multiverse i386 Packages [13.1 kB]
I, [2016-01-19T12:05:33.625584 #98515]  INFO -- default-ubuntu-1404-virtualbox: Get:17 http://artrepo.daptiv.com:8081 trusty-updates/main Translation-en [321 kB]
I, [2016-01-19T12:05:33.625598 #98515]  INFO -- default-ubuntu-1404-virtualbox: Get:18 http://artrepo.daptiv.com:8081 trusty-updates/multiverse Translation-en [6730 B]
I, [2016-01-19T12:05:33.625611 #98515]  INFO -- default-ubuntu-1404-virtualbox: Hit http://artrepo.daptiv.com:8081 trusty-updates/restricted Translation-en
I, [2016-01-19T12:05:33.625862 #98515]  INFO -- default-ubuntu-1404-virtualbox: 
I, [2016-01-19T12:05:33.626080 #98515]  INFO -- default-ubuntu-1404-virtualbox: 
I, [2016-01-19T12:05:33.626120 #98515]  INFO -- default-ubuntu-1404-virtualbox: Hit http://artrepo.daptiv.com:8081 trusty-backports/restricted Sources
I, [2016-01-19T12:05:33.626150 #98515]  INFO -- default-ubuntu-1404-virtualbox: Get:19 http://artrepo.daptiv.com:8081 trusty-backports/universe Sources [32.5 kB]
I, [2016-01-19T12:05:33.626178 #98515]  INFO -- default-ubuntu-1404-virtualbox: Hit http://artrepo.daptiv.com:8081 trusty-backports/multiverse Sources
I, [2016-01-19T12:05:33.626206 #98515]  INFO -- default-ubuntu-1404-virtualbox: Get:20 http://artrepo.daptiv.com:8081 trusty-backports/main amd64 Packages [9402 B]
I, [2016-01-19T12:05:33.626462 #98515]  INFO -- default-ubuntu-1404-virtualbox: Get:21 http://artrepo.daptiv.com:8081 trusty-backports/restricted amd64 Packages [28 B]
I, [2016-01-19T12:05:33.626492 #98515]  INFO -- default-ubuntu-1404-virtualbox: Get:22 http://artrepo.daptiv.com:8081 trusty-backports/universe amd64 Packages [39.8 kB]
I, [2016-01-19T12:05:33.626510 #98515]  INFO -- default-ubuntu-1404-virtualbox: Get:23 http://artrepo.daptiv.com:8081 trusty-backports/multiverse amd64 Packages [1571 B]
I, [2016-01-19T12:05:33.626702 #98515]  INFO -- default-ubuntu-1404-virtualbox: Get:24 http://artrepo.daptiv.com:8081 trusty-backports/main i386 Packages [9411 B]
I, [2016-01-19T12:05:33.626744 #98515]  INFO -- default-ubuntu-1404-virtualbox: Get:25 http://artrepo.daptiv.com:8081 trusty-backports/restricted i386 Packages [28 B]
I, [2016-01-19T12:05:33.627002 #98515]  INFO -- default-ubuntu-1404-virtualbox: Get:26 http://artrepo.daptiv.com:8081 trusty-backports/universe i386 Packages [39.8 kB]
I, [2016-01-19T12:05:33.627040 #98515]  INFO -- default-ubuntu-1404-virtualbox: Get:27 http://artrepo.daptiv.com:8081 trusty-backports/multiverse i386 Packages [1552 B]
I, [2016-01-19T12:05:33.627215 #98515]  INFO -- default-ubuntu-1404-virtualbox: 
I, [2016-01-19T12:05:33.627240 #98515]  INFO -- default-ubuntu-1404-virtualbox: Hit http://artrepo.daptiv.com:8081 trusty-backports/multiverse Translation-en
I, [2016-01-19T12:05:33.627344 #98515]  INFO -- default-ubuntu-1404-virtualbox: Hit http://artrepo.daptiv.com:8081 trusty-backports/restricted Translation-en
I, [2016-01-19T12:05:33.627365 #98515]  INFO -- default-ubuntu-1404-virtualbox: Get:28 http://artrepo.daptiv.com:8081 trusty-backports/universe Translation-en [33.9 kB]
I, [2016-01-19T12:05:33.627381 #98515]  INFO -- default-ubuntu-1404-virtualbox: Get:29 http://artrepo.daptiv.com:8081 trusty-security/main Sources [100.0 kB]
I, [2016-01-19T12:05:33.627485 #98515]  INFO -- default-ubuntu-1404-virtualbox: 
I, [2016-01-19T12:05:33.627640 #98515]  INFO -- default-ubuntu-1404-virtualbox: 
I, [2016-01-19T12:05:33.627672 #98515]  INFO -- default-ubuntu-1404-virtualbox: Get:30 http://artrepo.daptiv.com:8081 trusty-security/multiverse Sources [2333 B]
I, [2016-01-19T12:05:33.627876 #98515]  INFO -- default-ubuntu-1404-virtualbox: Get:31 http://artrepo.daptiv.com:8081 trusty-security/main amd64 Packages [410 kB]
I, [2016-01-19T12:05:33.627909 #98515]  INFO -- default-ubuntu-1404-virtualbox: Get:32 http://artrepo.daptiv.com:8081 trusty-security/restricted amd64 Packages [13.0 kB]
I, [2016-01-19T12:05:33.627928 #98515]  INFO -- default-ubuntu-1404-virtualbox: Get:33 http://artrepo.daptiv.com:8081 trusty-security/universe amd64 Packages [123 kB]
I, [2016-01-19T12:05:33.627944 #98515]  INFO -- default-ubuntu-1404-virtualbox: Get:34 http://artrepo.daptiv.com:8081 trusty-security/multiverse amd64 Packages [4798 B]
I, [2016-01-19T12:05:33.627959 #98515]  INFO -- default-ubuntu-1404-virtualbox: Get:35 http://artrepo.daptiv.com:8081 trusty-security/main i386 Packages [384 kB]
I, [2016-01-19T12:05:33.628141 #98515]  INFO -- default-ubuntu-1404-virtualbox: 6 http://artrepo.daptiv.com:8081 trusty-security/restricted i386 Packages [12.7 kB]
I, [2016-01-19T12:05:33.628195 #98515]  INFO -- default-ubuntu-1404-virtualbox: Get:37 http://artrepo.daptiv.com:8081 trusty-security/universe i386 Packages [123 kB]
I, [2016-01-19T12:05:33.628218 #98515]  INFO -- default-ubuntu-1404-virtualbox: Get:38 http://artrepo.daptiv.com:8081 trusty-security/multiverse i386 Packages [4955 B]
I, [2016-01-19T12:05:33.628235 #98515]  INFO -- default-ubuntu-1404-virtualbox: Get:39 http://artrepo.daptiv.com:8081 trusty-security/main Translation-en [201 kB]
I, [2016-01-19T12:05:33.628249 #98515]  INFO -- default-ubuntu-1404-virtualbox: Get:40 http://artrepo.daptiv.com:8081 trusty-security/multiverse Translation-en [2335 B]
I, [2016-01-19T12:05:33.628263 #98515]  INFO -- default-ubuntu-1404-virtualbox: Hit http://artrepo.daptiv.com:8081 trusty-security/restricted Translation-en
I, [2016-01-19T12:05:33.628430 #98515]  INFO -- default-ubuntu-1404-virtualbox: Hit http://artrepo.daptiv.com:8081 trusty-security/universe Translation-en
I, [2016-01-19T12:05:33.628466 #98515]  INFO -- default-ubuntu-1404-virtualbox: Get:41 http://artrepo.daptiv.com:8081 trusty/main amd64 Packages [6822 B]
I, [2016-01-19T12:05:33.628766 #98515]  INFO -- default-ubuntu-1404-virtualbox: Get:42 http://artrepo.daptiv.com:8081 trusty/main i386 Packages [6818 B]
I, [2016-01-19T12:05:33.628793 #98515]  INFO -- default-ubuntu-1404-virtualbox: Get:43 http://artrepo.daptiv.com:8081 trusty/main Translation-en [3365 B]
I, [2016-01-19T12:05:33.628809 #98515]  INFO -- default-ubuntu-1404-virtualbox: Get:44 http://artrepo.daptiv.com:8081 wheezy/main amd64 Packages [56.1 kB]
I, [2016-01-19T12:05:33.628822 #98515]  INFO -- default-ubuntu-1404-virtualbox: Get:45 http://artrepo.daptiv.com:8081 wheezy/main i386 Packages [56.1 kB]
I, [2016-01-19T12:05:33.628836 #98515]  INFO -- default-ubuntu-1404-virtualbox: Get:46 http://artrepo.daptiv.com:8081 trusty/main amd64 Packages [969 B]
I, [2016-01-19T12:05:33.628850 #98515]  INFO -- default-ubuntu-1404-virtualbox: Get:47 http://artrepo.daptiv.com:8081 trusty/main i386 Packages [967 B]
I, [2016-01-19T12:05:33.628862 #98515]  INFO -- default-ubuntu-1404-virtualbox: Hit http://artrepo.daptiv.com:8081 trusty Release
I, [2016-01-19T12:05:33.628879 #98515]  INFO -- default-ubuntu-1404-virtualbox: Hit http://artrepo.daptiv.com:8081 trusty/main Sources
I, [2016-01-19T12:05:33.628905 #98515]  INFO -- default-ubuntu-1404-virtualbox: Hit http://artrepo.daptiv.com:8081 trusty/restricted Sources
I, [2016-01-19T12:05:33.628933 #98515]  INFO -- default-ubuntu-1404-virtualbox: Hit http://artrepo.daptiv.com:8081 trusty/universe Sources
I, [2016-01-19T12:05:33.628954 #98515]  INFO -- default-ubuntu-1404-virtualbox: Hit http://artrepo.daptiv.com:8081 trusty/multiverse Sources
I, [2016-01-19T12:05:33.629182 #98515]  INFO -- default-ubuntu-1404-virtualbox: Hit http://artrepo.daptiv.com:8081 trusty/main amd64 Packages
I, [2016-01-19T12:05:33.629220 #98515]  INFO -- default-ubuntu-1404-virtualbox: Hit http://artrepo.daptiv.com:8081 trusty/restricted amd64 Packages
I, [2016-01-19T12:05:33.629382 #98515]  INFO -- default-ubuntu-1404-virtualbox: 
I, [2016-01-19T12:05:33.629431 #98515]  INFO -- default-ubuntu-1404-virtualbox: Hit http://artrepo.daptiv.com:8081 trusty/multiverse amd64 Packages
I, [2016-01-19T12:05:33.629622 #98515]  INFO -- default-ubuntu-1404-virtualbox: Hit http://artrepo.daptiv.com:8081 trusty/main i386 Packages
I, [2016-01-19T12:05:33.629645 #98515]  INFO -- default-ubuntu-1404-virtualbox: Hit http://artrepo.daptiv.com:8081 trusty/restricted i386 Packages
I, [2016-01-19T12:05:33.629661 #98515]  INFO -- default-ubuntu-1404-virtualbox: Hit http://artrepo.daptiv.com:8081 trusty/universe i386 Packages
I, [2016-01-19T12:05:33.629675 #98515]  INFO -- default-ubuntu-1404-virtualbox: Hit http://artrepo.daptiv.com:8081 trusty/multiverse i386 Packages
I, [2016-01-19T12:05:33.629688 #98515]  INFO -- default-ubuntu-1404-virtualbox: Hit http://artrepo.daptiv.com:8081 trusty/main Translation-en
I, [2016-01-19T12:05:33.629717 #98515]  INFO -- default-ubuntu-1404-virtualbox: Hit http://artrepo.daptiv.com:8081 trusty/multiverse Translation-en
I, [2016-01-19T12:05:33.629755 #98515]  INFO -- default-ubuntu-1404-virtualbox: Hit http://artrepo.daptiv.com:8081 trusty/restricted Translation-en
I, [2016-01-19T12:05:33.629996 #98515]  INFO -- default-ubuntu-1404-virtualbox: 
I, [2016-01-19T12:05:33.630054 #98515]  INFO -- default-ubuntu-1404-virtualbox: Ign http://artrepo.daptiv.com:8081 wheezy/main Translation-en
I, [2016-01-19T12:05:33.630255 #98515]  INFO -- default-ubuntu-1404-virtualbox: 
I, [2016-01-19T12:05:33.630284 #98515]  INFO -- default-ubuntu-1404-virtualbox: Fetched 3609 kB in 14s (243 kB/s)
I, [2016-01-19T12:05:33.630467 #98515]  INFO -- default-ubuntu-1404-virtualbox: STDERR: W: Failed to fetch http://artrepo.daptiv.com:8081/artifactory/ubuntu-us-archive/dists/trusty-updates/main/source/Sources  Hash Sum mismatch
I, [2016-01-19T12:05:33.630507 #98515]  INFO -- default-ubuntu-1404-virtualbox: 
I, [2016-01-19T12:05:33.630692 #98515]  INFO -- default-ubuntu-1404-virtualbox: W: Failed to fetch http://artrepo.daptiv.com:8081/artifactory/ubuntu-us-archive/dists/trusty-updates/universe/source/Sources  Hash Sum mismatch
I, [2016-01-19T12:05:33.630727 #98515]  INFO -- default-ubuntu-1404-virtualbox: 
I, [2016-01-19T12:05:33.630757 #98515]  INFO -- default-ubuntu-1404-virtualbox: W: Failed to fetch http://artrepo.daptiv.com:8081/artifactory/ubuntu-us-archive/dists/trusty-updates/multiverse/source/Sources  Hash Sum mismatch
I, [2016-01-19T12:05:33.630774 #98515]  INFO -- default-ubuntu-1404-virtualbox: 
I, [2016-01-19T12:05:33.630788 #98515]  INFO -- default-ubuntu-1404-virtualbox: W: Failed to fetch http://artrepo.daptiv.com:8081/artifactory/ubuntu-us-archive/dists/trusty-updates/main/i18n/Translation-en  Hash Sum mismatch
I, [2016-01-19T12:05:33.630806 #98515]  INFO -- default-ubuntu-1404-virtualbox: 
I, [2016-01-19T12:05:33.631039 #98515]  INFO -- default-ubuntu-1404-virtualbox: W: Failed to fetch http://artrepo.daptiv.com:8081/artifactory/ubuntu-us-archive/dists/trusty-updates/multiverse/i18n/Translation-en  Hash Sum mismatch
I, [2016-01-19T12:05:33.631219 #98515]  INFO -- default-ubuntu-1404-virtualbox: 
I, [2016-01-19T12:05:33.631379 #98515]  INFO -- default-ubuntu-1404-virtualbox: 
I, [2016-01-19T12:05:33.631434 #98515]  INFO -- default-ubuntu-1404-virtualbox: 
I, [2016-01-19T12:05:33.631729 #98515]  INFO -- default-ubuntu-1404-virtualbox: W: Failed to fetch http://artrepo.daptiv.com:8081/artifactory/ubuntu-us-archive/dists/trusty-backports/universe/source/Sources  Hash Sum mismatch
I, [2016-01-19T12:05:33.631758 #98515]  INFO -- default-ubuntu-1404-virtualbox: 
I, [2016-01-19T12:05:33.631887 #98515]  INFO -- default-ubuntu-1404-virtualbox: W: Failed to fetch http://artrepo.daptiv.com:8081/artifactory/ubuntu-us-archive/dists/trusty-backports/universe/i18n/Translation-en  Hash Sum mismatch
I, [2016-01-19T12:05:33.631910 #98515]  INFO -- default-ubuntu-1404-virtualbox: 
I, [2016-01-19T12:05:33.632038 #98515]  INFO -- default-ubuntu-1404-virtualbox: W: Failed to fetch http://artrepo.daptiv.com:8081/artifactory/ubuntu-security/dists/trusty-security/main/source/Sources  Hash Sum mismatch
I, [2016-01-19T12:05:33.632187 #98515]  INFO -- default-ubuntu-1404-virtualbox: 
I, [2016-01-19T12:05:33.632232 #98515]  INFO -- default-ubuntu-1404-virtualbox: W: Failed to fetch http://artrepo.daptiv.com:8081/artifactory/ubuntu-security/dists/trusty-security/universe/source/Sources  Hash Sum mismatch
I, [2016-01-19T12:05:33.632427 #98515]  INFO -- default-ubuntu-1404-virtualbox: 
I, [2016-01-19T12:05:33.632575 #98515]  INFO -- default-ubuntu-1404-virtualbox: 
I, [2016-01-19T12:05:33.632609 #98515]  INFO -- default-ubuntu-1404-virtualbox: 
I, [2016-01-19T12:05:33.632912 #98515]  INFO -- default-ubuntu-1404-virtualbox: W: Failed to fetch http://artrepo.daptiv.com:8081/artifactory/ubuntu-security/dists/trusty-security/main/i18n/Translation-en  Hash Sum mismatch
I, [2016-01-19T12:05:33.632947 #98515]  INFO -- default-ubuntu-1404-virtualbox: 
I, [2016-01-19T12:05:33.633179 #98515]  INFO -- default-ubuntu-1404-virtualbox: W: Failed to fetch http://artrepo.daptiv.com:8081/artifactory/ubuntu-security/dists/trusty-security/multiverse/i18n/Translation-en  Hash Sum mismatch
I, [2016-01-19T12:05:33.633426 #98515]  INFO -- default-ubuntu-1404-virtualbox: 
I, [2016-01-19T12:05:33.633610 #98515]  INFO -- default-ubuntu-1404-virtualbox: 
I, [2016-01-19T12:05:33.633795 #98515]  INFO -- default-ubuntu-1404-virtualbox: 
I, [2016-01-19T12:05:33.633934 #98515]  INFO -- default-ubuntu-1404-virtualbox: 
I, [2016-01-19T12:05:33.634020 #98515]  INFO -- default-ubuntu-1404-virtualbox: 
I, [2016-01-19T12:05:33.634347 #98515]  INFO -- default-ubuntu-1404-virtualbox: E: Some index files failed to download. They have been ignored, or old ones used instead.
I, [2016-01-19T12:05:33.634388 #98515]  INFO -- default-ubuntu-1404-virtualbox: ---- End output of apt-get update ----
I, [2016-01-19T12:05:33.634437 #98515]  INFO -- default-ubuntu-1404-virtualbox: Ran apt-get update returned 100; ignore_failure is set, continuing
I, [2016-01-19T12:05:33.634628 #98515]  INFO -- default-ubuntu-1404-virtualbox: 
I, [2016-01-19T12:05:33.634665 #98515]  INFO -- default-ubuntu-1404-virtualbox:     
I, [2016-01-19T12:05:33.634839 #98515]  INFO -- default-ubuntu-1404-virtualbox: 
I, [2016-01-19T12:05:33.635029 #98515]  INFO -- default-ubuntu-1404-virtualbox: Error executing action `run` on resource 'execute[apt-get-update-periodic]'
I, [2016-01-19T12:05:33.635178 #98515]  INFO -- default-ubuntu-1404-virtualbox: 
I, [2016-01-19T12:05:33.635325 #98515]  INFO -- default-ubuntu-1404-virtualbox: 
I, [2016-01-19T12:05:33.635456 #98515]  INFO -- default-ubuntu-1404-virtualbox:     Mixlib::ShellOut::ShellCommandFailed
I, [2016-01-19T12:05:33.635617 #98515]  INFO -- default-ubuntu-1404-virtualbox:     ------------------------------------
I, [2016-01-19T12:05:33.635786 #98515]  INFO -- default-ubuntu-1404-virtualbox:     Expected process to exit with [0], but received '100'
I, [2016-01-19T12:05:33.635828 #98515]  INFO -- default-ubuntu-1404-virtualbox:     ---- Begin output of apt-get update ----
I, [2016-01-19T12:05:33.636032 #98515]  INFO -- default-ubuntu-1404-virtualbox:     STDOUT: Ign http://artrepo.daptiv.com:8081 trusty InRelease
I, [2016-01-19T12:05:33.636241 #98515]  INFO -- default-ubuntu-1404-virtualbox:     Get:1 http://artrepo.daptiv.com:8081 trusty-updates InRelease [64.4 kB]
I, [2016-01-19T12:05:33.636523 #98515]  INFO -- default-ubuntu-1404-virtualbox:     Get:2 http://artrepo.daptiv.com:8081 trusty-backports InRelease [64.5 kB]
I, [2016-01-19T12:05:33.636768 #98515]  INFO -- default-ubuntu-1404-virtualbox: Get:3 http://artrepo.daptiv.com:8081 trusty-security InRelease [64.4 kB]
I, [2016-01-19T12:05:33.637012 #98515]  INFO -- default-ubuntu-1404-virtualbox:     Get:4 http://artrepo.daptiv.com:8081 trusty InRelease [15.5 kB]
I, [2016-01-19T12:05:33.637215 #98515]  INFO -- default-ubuntu-1404-virtualbox:     Get:5 http://artrepo.daptiv.com:8081 wheezy InRelease [8033 B]
I, [2016-01-19T12:05:33.637428 #98515]  INFO -- default-ubuntu-1404-virtualbox:     Get:6 http://artrepo.daptiv.com:8081 trusty InRelease [3914 B]
I, [2016-01-19T12:05:33.637473 #98515]  INFO -- default-ubuntu-1404-virtualbox:     Hit http://artrepo.daptiv.com:8081 trusty Release.gpg
I, [2016-01-19T12:05:33.637494 #98515]  INFO -- default-ubuntu-1404-virtualbox:     Get:7 http://artrepo.daptiv.com:8081 trusty-updates/main Sources [246 kB]
I, [2016-01-19T12:05:33.637652 #98515]  INFO -- default-ubuntu-1404-virtualbox: Hit http://artrepo.daptiv.com:8081 trusty-updates/restricted Sources
I, [2016-01-19T12:05:33.637849 #98515]  INFO -- default-ubuntu-1404-virtualbox: Hit http://artrepo.daptiv.com:8081 trusty-updates/universe Sources
I, [2016-01-19T12:05:33.638123 #98515]  INFO -- default-ubuntu-1404-virtualbox: Get:8 http://artrepo.daptiv.com:8081 trusty-updates/multiverse Sources [5133 B]
I, [2016-01-19T12:05:33.638342 #98515]  INFO -- default-ubuntu-1404-virtualbox:     Get:9 http://artrepo.daptiv.com:8081 trusty-updates/main amd64 Packages [689 kB]
I, [2016-01-19T12:05:33.638492 #98515]  INFO -- default-ubuntu-1404-virtualbox: 
I, [2016-01-19T12:05:33.638650 #98515]  INFO -- default-ubuntu-1404-virtualbox: 
I, [2016-01-19T12:05:33.638677 #98515]  INFO -- default-ubuntu-1404-virtualbox:     Get:12 http://artrepo.daptiv.com:8081 trusty-updates/multiverse amd64 Packages [13.0 kB]
I, [2016-01-19T12:05:33.638820 #98515]  INFO -- default-ubuntu-1404-virtualbox:     Get:13 http://artrepo.daptiv.com:8081 trusty-updates/main i386 Packages [664 kB]
I, [2016-01-19T12:05:33.639119 #98515]  INFO -- default-ubuntu-1404-virtualbox:     Get:14 http://artrepo.daptiv.com:8081 trusty-updates/restricted i386 Packages [15.6 kB]
I, [2016-01-19T12:05:33.639266 #98515]  INFO -- default-ubuntu-1404-virtualbox: Get:15 http://artrepo.daptiv.com:8081 trusty-updates/universe i386 Packages [336 kB]
I, [2016-01-19T12:05:33.639313 #98515]  INFO -- default-ubuntu-1404-virtualbox:     Get:16 http://artrepo.daptiv.com:8081 trusty-updates/multiverse i386 Packages [13.1 kB]
I, [2016-01-19T12:05:33.639565 #98515]  INFO -- default-ubuntu-1404-virtualbox:     Get:17 http://artrepo.daptiv.com:8081 trusty-updates/main Translation-en [321 kB]
I, [2016-01-19T12:05:33.639702 #98515]  INFO -- default-ubuntu-1404-virtualbox: Get:18 http://artrepo.daptiv.com:8081 trusty-updates/multiverse Translation-en [6730 B]
I, [2016-01-19T12:05:33.639884 #98515]  INFO -- default-ubuntu-1404-virtualbox: Hit http://artrepo.daptiv.com:8081 trusty-updates/restricted Translation-en
I, [2016-01-19T12:05:33.640182 #98515]  INFO -- default-ubuntu-1404-virtualbox:     Hit http://artrepo.daptiv.com:8081 trusty-updates/universe Translation-en
I, [2016-01-19T12:05:33.640213 #98515]  INFO -- default-ubuntu-1404-virtualbox:     Hit http://artrepo.daptiv.com:8081 trusty-backports/main Sources
I, [2016-01-19T12:05:33.640365 #98515]  INFO -- default-ubuntu-1404-virtualbox:     Hit http://artrepo.daptiv.com:8081 trusty-backports/restricted Sources
I, [2016-01-19T12:05:33.640636 #98515]  INFO -- default-ubuntu-1404-virtualbox: Get:19 http://artrepo.daptiv.com:8081 trusty-backports/universe Sources [32.5 kB]
I, [2016-01-19T12:05:33.640902 #98515]  INFO -- default-ubuntu-1404-virtualbox:     Hit http://artrepo.daptiv.com:8081 trusty-backports/multiverse Sources
I, [2016-01-19T12:05:33.641268 #98515]  INFO -- default-ubuntu-1404-virtualbox:     Get:20 http://artrepo.daptiv.com:8081 trusty-backports/main amd64 Packages [9402 B]
I, [2016-01-19T12:05:33.641492 #98515]  INFO -- default-ubuntu-1404-virtualbox: Get:21 http://artrepo.daptiv.com:8081 trusty-backports/restricted amd64 Packages [28 B]
I, [2016-01-19T12:05:33.641682 #98515]  INFO -- default-ubuntu-1404-virtualbox: 
I, [2016-01-19T12:05:33.641896 #98515]  INFO -- default-ubuntu-1404-virtualbox: Get:23 http://artrepo.daptiv.com:8081 trusty-backports/multiverse amd64 Packages [1571 B]
I, [2016-01-19T12:05:33.641935 #98515]  INFO -- default-ubuntu-1404-virtualbox:     Get:24 http://artrepo.daptiv.com:8081 trusty-backports/main i386 Packages [9411 B]
I, [2016-01-19T12:05:33.641960 #98515]  INFO -- default-ubuntu-1404-virtualbox:     Get:25 http://artrepo.daptiv.com:8081 trusty-backports/restricted i386 Packages [28 B]
I, [2016-01-19T12:05:33.642175 #98515]  INFO -- default-ubuntu-1404-virtualbox: Get:26 http://artrepo.daptiv.com:8081 trusty-backports/universe i386 Packages [39.8 kB]
I, [2016-01-19T12:05:33.642342 #98515]  INFO -- default-ubuntu-1404-virtualbox: Get:27 http://artrepo.daptiv.com:8081 trusty-backports/multiverse i386 Packages [1552 B]
I, [2016-01-19T12:05:33.642511 #98515]  INFO -- default-ubuntu-1404-virtualbox: Hit http://artrepo.daptiv.com:8081 trusty-backports/main Translation-en
I, [2016-01-19T12:05:33.642552 #98515]  INFO -- default-ubuntu-1404-virtualbox:     Hit http://artrepo.daptiv.com:8081 trusty-backports/multiverse Translation-en
I, [2016-01-19T12:05:33.642755 #98515]  INFO -- default-ubuntu-1404-virtualbox: Hit http://artrepo.daptiv.com:8081 trusty-backports/restricted Translation-en
I, [2016-01-19T12:05:33.642872 #98515]  INFO -- default-ubuntu-1404-virtualbox: Get:28 http://artrepo.daptiv.com:8081 trusty-backports/universe Translation-en [33.9 kB]
I, [2016-01-19T12:05:33.643079 #98515]  INFO -- default-ubuntu-1404-virtualbox: Get:29 http://artrepo.daptiv.com:8081 trusty-security/main Sources [100.0 kB]
I, [2016-01-19T12:05:33.643234 #98515]  INFO -- default-ubuntu-1404-virtualbox: Hit http://artrepo.daptiv.com:8081 trusty-security/restricted Sources
I, [2016-01-19T12:05:33.643465 #98515]  INFO -- default-ubuntu-1404-virtualbox: Hit http://artrepo.daptiv.com:8081 trusty-security/universe Sources
I, [2016-01-19T12:05:33.643618 #98515]  INFO -- default-ubuntu-1404-virtualbox: Get:30 http://artrepo.daptiv.com:8081 trusty-security/multiverse Sources [2333 B]
I, [2016-01-19T12:05:33.643709 #98515]  INFO -- default-ubuntu-1404-virtualbox:     Get:31 http://artrepo.daptiv.com:8081 trusty-security/main amd64 Packages [410 kB]
I, [2016-01-19T12:05:33.643957 #98515]  INFO -- default-ubuntu-1404-virtualbox: Get:32 http://artrepo.daptiv.com:8081 trusty-security/restricted amd64 Packages [13.0 kB]
I, [2016-01-19T12:05:33.644169 #98515]  INFO -- default-ubuntu-1404-virtualbox: Get:33 http://artrepo.daptiv.com:8081 trusty-security/universe amd64 Packages [123 kB]
I, [2016-01-19T12:05:33.644335 #98515]  INFO -- default-ubuntu-1404-virtualbox:     Get:34 http://artrepo.daptiv.com:8081 trusty-security/multiverse amd64 Packages [4798 B]
I, [2016-01-19T12:05:33.644643 #98515]  INFO -- default-ubuntu-1404-virtualbox:     Get:35 http://artrepo.daptiv.com:8081 trusty-security/main i386 Packages [384 kB]
I, [2016-01-19T12:05:33.644890 #98515]  INFO -- default-ubuntu-1404-virtualbox:     Get:36 http://artrepo.daptiv.com:8081 trusty-security/restricted i386 Packages [12.7 kB]
I, [2016-01-19T12:05:33.644997 #98515]  INFO -- default-ubuntu-1404-virtualbox:     Get:37 http://artrepo.daptiv.com:8081 trusty-security/universe i386 Packages [123 kB]
I, [2016-01-19T12:05:33.645271 #98515]  INFO -- default-ubuntu-1404-virtualbox:     Get:38 http://artrepo.daptiv.com:8081 trusty-security/multiverse i386 Packages [4955 B]
I, [2016-01-19T12:05:33.645464 #98515]  INFO -- default-ubuntu-1404-virtualbox: Get:39 http://artrepo.daptiv.com:8081 trusty-security/main Translation-en [201 kB]
I, [2016-01-19T12:05:33.645685 #98515]  INFO -- default-ubuntu-1404-virtualbox:     Get:40 http://artrepo.daptiv.com:8081 trusty-security/multiverse Translation-en [2335 B]
I, [2016-01-19T12:05:33.645730 #98515]  INFO -- default-ubuntu-1404-virtualbox:     Hit http://artrepo.daptiv.com:8081 trusty-security/restricted Translation-en
I, [2016-01-19T12:05:33.645932 #98515]  INFO -- default-ubuntu-1404-virtualbox:     Hit http://artrepo.daptiv.com:8081 trusty-security/universe Translation-en
I, [2016-01-19T12:05:33.646131 #98515]  INFO -- default-ubuntu-1404-virtualbox: 
I, [2016-01-19T12:05:33.646161 #98515]  INFO -- default-ubuntu-1404-virtualbox:     Get:42 http://artrepo.daptiv.com:8081 trusty/main i386 Packages [6818 B]
I, [2016-01-19T12:05:33.646294 #98515]  INFO -- default-ubuntu-1404-virtualbox:     Get:43 http://artrepo.daptiv.com:8081 trusty/main Translation-en [3365 B]
I, [2016-01-19T12:05:33.646331 #98515]  INFO -- default-ubuntu-1404-virtualbox:     Get:44 http://artrepo.daptiv.com:8081 wheezy/main amd64 Packages [56.1 kB]
I, [2016-01-19T12:05:33.646391 #98515]  INFO -- default-ubuntu-1404-virtualbox:     Get:45 http://artrepo.daptiv.com:8081 wheezy/main i386 Packages [56.1 kB]
I, [2016-01-19T12:05:33.646596 #98515]  INFO -- default-ubuntu-1404-virtualbox: 
I, [2016-01-19T12:05:33.646633 #98515]  INFO -- default-ubuntu-1404-virtualbox:     Get:47 http://artrepo.daptiv.com:8081 trusty/main i386 Packages [967 B]
I, [2016-01-19T12:05:33.646852 #98515]  INFO -- default-ubuntu-1404-virtualbox: Hit http://artrepo.daptiv.com:8081 trusty Release
I, [2016-01-19T12:05:33.646996 #98515]  INFO -- default-ubuntu-1404-virtualbox: 
I, [2016-01-19T12:05:33.647191 #98515]  INFO -- default-ubuntu-1404-virtualbox: Hit http://artrepo.daptiv.com:8081 trusty/restricted Sources
I, [2016-01-19T12:05:33.647453 #98515]  INFO -- default-ubuntu-1404-virtualbox:     Hit http://artrepo.daptiv.com:8081 trusty/universe Sources
I, [2016-01-19T12:05:33.647724 #98515]  INFO -- default-ubuntu-1404-virtualbox:     Hit http://artrepo.daptiv.com:8081 trusty/multiverse Sources
I, [2016-01-19T12:05:33.647761 #98515]  INFO -- default-ubuntu-1404-virtualbox:     Hit http://artrepo.daptiv.com:8081 trusty/main amd64 Packages
I, [2016-01-19T12:05:33.647791 #98515]  INFO -- default-ubuntu-1404-virtualbox:     Hit http://artrepo.daptiv.com:8081 trusty/restricted amd64 Packages
I, [2016-01-19T12:05:33.647950 #98515]  INFO -- default-ubuntu-1404-virtualbox:     Hit http://artrepo.daptiv.com:8081 trusty/universe amd64 Packages
I, [2016-01-19T12:05:33.647974 #98515]  INFO -- default-ubuntu-1404-virtualbox:     Hit http://artrepo.daptiv.com:8081 trusty/multiverse amd64 Packages
I, [2016-01-19T12:05:33.648096 #98515]  INFO -- default-ubuntu-1404-virtualbox: Hit http://artrepo.daptiv.com:8081 trusty/main i386 Packages
I, [2016-01-19T12:05:33.648335 #98515]  INFO -- default-ubuntu-1404-virtualbox: Hit http://artrepo.daptiv.com:8081 trusty/restricted i386 Packages
I, [2016-01-19T12:05:33.648501 #98515]  INFO -- default-ubuntu-1404-virtualbox:     Hit http://artrepo.daptiv.com:8081 trusty/universe i386 Packages
I, [2016-01-19T12:05:33.648667 #98515]  INFO -- default-ubuntu-1404-virtualbox:     Hit http://artrepo.daptiv.com:8081 trusty/multiverse i386 Packages
I, [2016-01-19T12:05:33.648855 #98515]  INFO -- default-ubuntu-1404-virtualbox:     Hit http://artrepo.daptiv.com:8081 trusty/main Translation-en
I, [2016-01-19T12:05:33.649047 #98515]  INFO -- default-ubuntu-1404-virtualbox:     Hit http://artrepo.daptiv.com:8081 trusty/multiverse Translation-en
I, [2016-01-19T12:05:33.649317 #98515]  INFO -- default-ubuntu-1404-virtualbox:     Hit http://artrepo.daptiv.com:8081 trusty/restricted Translation-en
I, [2016-01-19T12:05:33.649457 #98515]  INFO -- default-ubuntu-1404-virtualbox: 
I, [2016-01-19T12:05:33.649584 #98515]  INFO -- default-ubuntu-1404-virtualbox: Ign http://artrepo.daptiv.com:8081 wheezy/main Translation-en
I, [2016-01-19T12:05:33.649740 #98515]  INFO -- default-ubuntu-1404-virtualbox:     Ign http://artrepo.daptiv.com:8081 trusty/main Translation-en
I, [2016-01-19T12:05:33.649943 #98515]  INFO -- default-ubuntu-1404-virtualbox: 
I, [2016-01-19T12:05:33.650129 #98515]  INFO -- default-ubuntu-1404-virtualbox: STDERR: W: Failed to fetch http://artrepo.daptiv.com:8081/artifactory/ubuntu-us-archive/dists/trusty-updates/main/source/Sources  Hash Sum mismatch
I, [2016-01-19T12:05:33.650299 #98515]  INFO -- default-ubuntu-1404-virtualbox:     
I, [2016-01-19T12:05:33.650587 #98515]  INFO -- default-ubuntu-1404-virtualbox:     W: Failed to fetch http://artrepo.daptiv.com:8081/artifactory/ubuntu-us-archive/dists/trusty-updates/universe/source/Sources  Hash Sum mismatch
I, [2016-01-19T12:05:33.650831 #98515]  INFO -- default-ubuntu-1404-virtualbox:     
I, [2016-01-19T12:05:33.651161 #98515]  INFO -- default-ubuntu-1404-virtualbox: W: Failed to fetch http://artrepo.daptiv.com:8081/artifactory/ubuntu-us-archive/dists/trusty-updates/multiverse/source/Sources  Hash Sum mismatch
I, [2016-01-19T12:05:33.651202 #98515]  INFO -- default-ubuntu-1404-virtualbox:     
I, [2016-01-19T12:05:33.651478 #98515]  INFO -- default-ubuntu-1404-virtualbox:     W: Failed to fetch http://artrepo.daptiv.com:8081/artifactory/ubuntu-us-archive/dists/trusty-updates/main/i18n/Translation-en  Hash Sum mismatch
I, [2016-01-19T12:05:33.651639 #98515]  INFO -- default-ubuntu-1404-virtualbox:     
I, [2016-01-19T12:05:33.651816 #98515]  INFO -- default-ubuntu-1404-virtualbox:     W: Failed to fetch http://artrepo.daptiv.com:8081/artifactory/ubuntu-us-archive/dists/trusty-updates/multiverse/i18n/Translation-en  Hash Sum mismatch
I, [2016-01-19T12:05:33.651938 #98515]  INFO -- default-ubuntu-1404-virtualbox: 
I, [2016-01-19T12:05:33.652066 #98515]  INFO -- default-ubuntu-1404-virtualbox:     W: Failed to fetch http://artrepo.daptiv.com:8081/artifactory/ubuntu-us-archive/dists/trusty-updates/universe/i18n/Translation-en  Hash Sum mismatch
I, [2016-01-19T12:05:33.652112 #98515]  INFO -- default-ubuntu-1404-virtualbox:     
I, [2016-01-19T12:05:33.652317 #98515]  INFO -- default-ubuntu-1404-virtualbox:     W: Failed to fetch http://artrepo.daptiv.com:8081/artifactory/ubuntu-us-archive/dists/trusty-backports/universe/source/Sources  Hash Sum mismatch
I, [2016-01-19T12:05:33.652471 #98515]  INFO -- default-ubuntu-1404-virtualbox: 
I, [2016-01-19T12:05:33.652622 #98515]  INFO -- default-ubuntu-1404-virtualbox:     W: Failed to fetch http://artrepo.daptiv.com:8081/artifactory/ubuntu-us-archive/dists/trusty-backports/universe/i18n/Translation-en  Hash Sum mismatch
I, [2016-01-19T12:05:33.652766 #98515]  INFO -- default-ubuntu-1404-virtualbox: 
I, [2016-01-19T12:05:33.653012 #98515]  INFO -- default-ubuntu-1404-virtualbox: W: Failed to fetch http://artrepo.daptiv.com:8081/artifactory/ubuntu-security/dists/trusty-security/main/source/Sources  Hash Sum mismatch
I, [2016-01-19T12:05:33.653169 #98515]  INFO -- default-ubuntu-1404-virtualbox:     
I, [2016-01-19T12:05:33.653268 #98515]  INFO -- default-ubuntu-1404-virtualbox:     W: Failed to fetch http://artrepo.daptiv.com:8081/artifactory/ubuntu-security/dists/trusty-security/universe/source/Sources  Hash Sum mismatch
I, [2016-01-19T12:05:33.653291 #98515]  INFO -- default-ubuntu-1404-virtualbox:     
I, [2016-01-19T12:05:33.653411 #98515]  INFO -- default-ubuntu-1404-virtualbox: W: Failed to fetch http://artrepo.daptiv.com:8081/artifactory/ubuntu-security/dists/trusty-security/multiverse/source/Sources  Hash Sum mismatch
I, [2016-01-19T12:05:33.653560 #98515]  INFO -- default-ubuntu-1404-virtualbox:     
I, [2016-01-19T12:05:33.653698 #98515]  INFO -- default-ubuntu-1404-virtualbox: W: Failed to fetch http://artrepo.daptiv.com:8081/artifactory/ubuntu-security/dists/trusty-security/main/i18n/Translation-en  Hash Sum mismatch
I, [2016-01-19T12:05:33.653931 #98515]  INFO -- default-ubuntu-1404-virtualbox:     
I, [2016-01-19T12:05:33.654066 #98515]  INFO -- default-ubuntu-1404-virtualbox: W: Failed to fetch http://artrepo.daptiv.com:8081/artifactory/ubuntu-security/dists/trusty-security/multiverse/i18n/Translation-en  Hash Sum mismatch
I, [2016-01-19T12:05:33.654226 #98515]  INFO -- default-ubuntu-1404-virtualbox: 
I, [2016-01-19T12:05:33.654262 #98515]  INFO -- default-ubuntu-1404-virtualbox:     W: Failed to fetch http://artrepo.daptiv.com:8081/artifactory/ubuntu-security/dists/trusty-security/universe/i18n/Translation-en  Hash Sum mismatch
I, [2016-01-19T12:05:33.654412 #98515]  INFO -- default-ubuntu-1404-virtualbox:     
I, [2016-01-19T12:05:33.654648 #98515]  INFO -- default-ubuntu-1404-virtualbox: W: Failed to fetch http://artrepo.daptiv.com:8081/artifactory/brightbox/dists/trusty/main/i18n/Translation-en  Hash Sum mismatch
I, [2016-01-19T12:05:33.654776 #98515]  INFO -- default-ubuntu-1404-virtualbox: 
I, [2016-01-19T12:05:33.654939 #98515]  INFO -- default-ubuntu-1404-virtualbox:     E: Some index files failed to download. They have been ignored, or old ones used instead.
I, [2016-01-19T12:05:33.655069 #98515]  INFO -- default-ubuntu-1404-virtualbox: ---- End output of apt-get update ----
I, [2016-01-19T12:05:33.655363 #98515]  INFO -- default-ubuntu-1404-virtualbox:     Ran apt-get update returned 100
I, [2016-01-19T12:05:33.655511 #98515]  INFO -- default-ubuntu-1404-virtualbox: 
I, [2016-01-19T12:05:33.655654 #98515]  INFO -- default-ubuntu-1404-virtualbox:     Resource Declaration:
I, [2016-01-19T12:05:33.655676 #98515]  INFO -- default-ubuntu-1404-virtualbox:     ---------------------
I, [2016-01-19T12:05:33.655810 #98515]  INFO -- default-ubuntu-1404-virtualbox:     # In /tmp/kitchen/cache/cookbooks/apt/recipes/default.rb
I, [2016-01-19T12:05:33.655853 #98515]  INFO -- default-ubuntu-1404-virtualbox:     
I, [2016-01-19T12:05:33.656037 #98515]  INFO -- default-ubuntu-1404-virtualbox:  84: execute 'apt-get-update-periodic' do
I, [2016-01-19T12:05:33.656143 #98515]  INFO -- default-ubuntu-1404-virtualbox:  85:   command 'apt-get update'
I, [2016-01-19T12:05:33.656274 #98515]  INFO -- default-ubuntu-1404-virtualbox:      86:   ignore_failure true
I, [2016-01-19T12:05:33.656295 #98515]  INFO -- default-ubuntu-1404-virtualbox:      87:   only_if { apt_installed? }
I, [2016-01-19T12:05:33.656386 #98515]  INFO -- default-ubuntu-1404-virtualbox:  88:   not_if { apt_up_to_date? }
I, [2016-01-19T12:05:33.656502 #98515]  INFO -- default-ubuntu-1404-virtualbox:      89:   notifies :touch, 'file[/var/lib/apt/periodic/update-success-stamp]', :immediately
I, [2016-01-19T12:05:33.656713 #98515]  INFO -- default-ubuntu-1404-virtualbox:      90: end
I, [2016-01-19T12:05:33.656815 #98515]  INFO -- default-ubuntu-1404-virtualbox:      91: 
I, [2016-01-19T12:05:33.656906 #98515]  INFO -- default-ubuntu-1404-virtualbox: 
I, [2016-01-19T12:05:33.657091 #98515]  INFO -- default-ubuntu-1404-virtualbox:     Compiled Resource:
I, [2016-01-19T12:05:33.657315 #98515]  INFO -- default-ubuntu-1404-virtualbox:     ------------------
I, [2016-01-19T12:05:33.657448 #98515]  INFO -- default-ubuntu-1404-virtualbox:     # Declared in /tmp/kitchen/cache/cookbooks/apt/recipes/default.rb:84:in `from_file'
I, [2016-01-19T12:05:33.657501 #98515]  INFO -- default-ubuntu-1404-virtualbox:     
I, [2016-01-19T12:05:33.657658 #98515]  INFO -- default-ubuntu-1404-virtualbox:     execute("apt-get-update-periodic") do
I, [2016-01-19T12:05:33.657948 #98515]  INFO -- default-ubuntu-1404-virtualbox:       action [:run]
I, [2016-01-19T12:05:33.658093 #98515]  INFO -- default-ubuntu-1404-virtualbox:   ignore_failure true
I, [2016-01-19T12:05:33.658118 #98515]  INFO -- default-ubuntu-1404-virtualbox:       retries 0
I, [2016-01-19T12:05:33.658251 #98515]  INFO -- default-ubuntu-1404-virtualbox:   retry_delay 2
I, [2016-01-19T12:05:33.658473 #98515]  INFO -- default-ubuntu-1404-virtualbox:   default_guard_interpreter :execute
I, [2016-01-19T12:05:33.658640 #98515]  INFO -- default-ubuntu-1404-virtualbox:   command "apt-get update"
I, [2016-01-19T12:05:33.658879 #98515]  INFO -- default-ubuntu-1404-virtualbox:   backup 5
I, [2016-01-19T12:05:33.659186 #98515]  INFO -- default-ubuntu-1404-virtualbox:       returns 0
I, [2016-01-19T12:05:33.659420 #98515]  INFO -- default-ubuntu-1404-virtualbox:       declared_type :execute
I, [2016-01-19T12:05:33.659460 #98515]  INFO -- default-ubuntu-1404-virtualbox:       cookbook_name "apt"
I, [2016-01-19T12:05:33.659629 #98515]  INFO -- default-ubuntu-1404-virtualbox:   recipe_name "default"
I, [2016-01-19T12:05:33.659666 #98515]  INFO -- default-ubuntu-1404-virtualbox:       not_if { #code block }
I, [2016-01-19T12:05:33.660004 #98515]  INFO -- default-ubuntu-1404-virtualbox:   only_if { #code block }
I, [2016-01-19T12:05:33.660066 #98515]  INFO -- default-ubuntu-1404-virtualbox:     end
I, [2016-01-19T12:05:33.660237 #98515]  INFO -- default-ubuntu-1404-virtualbox:     
I, [2016-01-19T12:05:33.660426 #98515]  INFO -- default-ubuntu-1404-virtualbox:   * directory[/var/cache/local] action create
I, [2016-01-19T12:05:33.660530 #98515]  INFO -- default-ubuntu-1404-virtualbox: 
I, [2016-01-19T12:05:33.660565 #98515]  INFO -- default-ubuntu-1404-virtualbox:     - change mode from '' to '0755'
I, [2016-01-19T12:05:33.660695 #98515]  INFO -- default-ubuntu-1404-virtualbox: 
I, [2016-01-19T12:05:33.660829 #98515]  INFO -- default-ubuntu-1404-virtualbox: 
I, [2016-01-19T12:05:33.661068 #98515]  INFO -- default-ubuntu-1404-virtualbox:   * directory[/var/cache/local/preseeding] action create
I, [2016-01-19T12:05:33.663808 #98515]  INFO -- default-ubuntu-1404-virtualbox: - create new directory /var/cache/local/preseeding
I, [2016-01-19T12:05:33.663846 #98515]  INFO -- default-ubuntu-1404-virtualbox:     - change mode from '' to '0755'
I, [2016-01-19T12:05:33.664128 #98515]  INFO -- default-ubuntu-1404-virtualbox:     - change owner from '' to 'root'
I, [2016-01-19T12:05:33.664949 #98515]  INFO -- default-ubuntu-1404-virtualbox: 
I, [2016-01-19T12:05:33.674457 #98515]  INFO -- default-ubuntu-1404-virtualbox:   * template[/etc/apt/apt.conf.d/10recommends] action create
I, [2016-01-19T12:05:33.675887 #98515]  INFO -- default-ubuntu-1404-virtualbox: 
I, [2016-01-19T12:05:33.675951 #98515]  INFO -- default-ubuntu-1404-virtualbox:     - update content in file /etc/apt/apt.conf.d/10recommends from none to f41e1d
I, [2016-01-19T12:05:33.676182 #98515]  INFO -- default-ubuntu-1404-virtualbox: 
I, [2016-01-19T12:05:33.676362 #98515]  INFO -- default-ubuntu-1404-virtualbox: 
I, [2016-01-19T12:05:33.676390 #98515]  INFO -- default-ubuntu-1404-virtualbox:     @@ -1 +1,4 @@
I, [2016-01-19T12:05:33.676581 #98515]  INFO -- default-ubuntu-1404-virtualbox:     +# Managed by Chef
I, [2016-01-19T12:05:33.676724 #98515]  INFO -- default-ubuntu-1404-virtualbox: 
I, [2016-01-19T12:05:33.678088 #98515]  INFO -- default-ubuntu-1404-virtualbox: 
I, [2016-01-19T12:05:33.678403 #98515]  INFO -- default-ubuntu-1404-virtualbox:     - change mode from '' to '0644'
I, [2016-01-19T12:05:33.678574 #98515]  INFO -- default-ubuntu-1404-virtualbox: 
I, [2016-01-19T12:05:33.679436 #98515]  INFO -- default-ubuntu-1404-virtualbox:     - change group from '' to 'root'
I, [2016-01-19T12:05:35.965318 #98515]  INFO -- default-ubuntu-1404-virtualbox:   * apt_package[apt-transport-https] action install (up to date)
I, [2016-01-19T12:05:35.965377 #98515]  INFO -- default-ubuntu-1404-virtualbox: Recipe: java::openjdk
I, [2016-01-19T12:06:01.394556 #98515]  INFO -- default-ubuntu-1404-virtualbox: 
I, [2016-01-19T12:06:01.395366 #98515]  INFO -- default-ubuntu-1404-virtualbox:     - install version 7u91-2.6.3-0ubuntu0.14.04.1 of package openjdk-7-jdk
I, [2016-01-19T12:06:01.423363 #98515]  INFO -- default-ubuntu-1404-virtualbox:  (up to date)
I, [2016-01-19T12:06:01.518178 #98515]  INFO -- default-ubuntu-1404-virtualbox:   * java_alternatives[set-java-alternatives] action set
I, [2016-01-19T12:06:01.708221 #98515]  INFO -- default-ubuntu-1404-virtualbox:     - Add alternative for apt
I, [2016-01-19T12:06:02.276310 #98515]  INFO -- default-ubuntu-1404-virtualbox: 
I, [2016-01-19T12:06:02.387747 #98515]  INFO -- default-ubuntu-1404-virtualbox: 
I, [2016-01-19T12:06:02.462863 #98515]  INFO -- default-ubuntu-1404-virtualbox:     - Add alternative for orbd
I, [2016-01-19T12:06:02.538580 #98515]  INFO -- default-ubuntu-1404-virtualbox:     - Add alternative for pack200
I, [2016-01-19T12:06:02.631906 #98515]  INFO -- default-ubuntu-1404-virtualbox: 
I, [2016-01-19T12:06:02.693184 #98515]  INFO -- default-ubuntu-1404-virtualbox:     - Add alternative for rmid
I, [2016-01-19T12:06:02.843746 #98515]  INFO -- default-ubuntu-1404-virtualbox:     - Add alternative for rmiregistry
I, [2016-01-19T12:06:02.905321 #98515]  INFO -- default-ubuntu-1404-virtualbox:     - Add alternative for servertool
I, [2016-01-19T12:06:02.982914 #98515]  INFO -- default-ubuntu-1404-virtualbox:     - Add alternative for tnameserv
I, [2016-01-19T12:06:03.078684 #98515]  INFO -- default-ubuntu-1404-virtualbox:     - Add alternative for unpack200
I, [2016-01-19T12:06:03.079014 #98515]  INFO -- default-ubuntu-1404-virtualbox: Recipe: java::default_java_symlink
I, [2016-01-19T12:06:03.080634 #98515]  INFO -- default-ubuntu-1404-virtualbox:   * link[/usr/lib/jvm/default-java] action create
I, [2016-01-19T12:06:03.081313 #98515]  INFO -- default-ubuntu-1404-virtualbox: - create symlink at /usr/lib/jvm/default-java to /usr/lib/jvm/java-7-openjdk-amd64
I, [2016-01-19T12:06:03.081629 #98515]  INFO -- default-ubuntu-1404-virtualbox: Recipe: java::set_java_home
I, [2016-01-19T12:06:03.082549 #98515]  INFO -- default-ubuntu-1404-virtualbox:   * ruby_block[set-env-java-home] action run
I, [2016-01-19T12:06:03.082744 #98515]  INFO -- default-ubuntu-1404-virtualbox: 
I, [2016-01-19T12:06:03.084559 #98515]  INFO -- default-ubuntu-1404-virtualbox:   * directory[/etc/profile.d] action create (up to date)
I, [2016-01-19T12:06:03.086164 #98515]  INFO -- default-ubuntu-1404-virtualbox:   * file[/etc/profile.d/jdk.sh] action create
I, [2016-01-19T12:06:03.087385 #98515]  INFO -- default-ubuntu-1404-virtualbox: 
I, [2016-01-19T12:06:03.087419 #98515]  INFO -- default-ubuntu-1404-virtualbox:     - update content in file /etc/profile.d/jdk.sh from none to 2eb1f0
I, [2016-01-19T12:06:03.087621 #98515]  INFO -- default-ubuntu-1404-virtualbox: 2016-01-19 12:06:03.030944448 -0800
I, [2016-01-19T12:06:03.087824 #98515]  INFO -- default-ubuntu-1404-virtualbox: +++ /etc/profile.d/.jdk.sh20160119-1561-1yy344x	2016-01-19 12:06:03.030944448 -0800
I, [2016-01-19T12:06:03.087967 #98515]  INFO -- default-ubuntu-1404-virtualbox:     @@ -1 +1,2 @@
I, [2016-01-19T12:06:03.088498 #98515]  INFO -- default-ubuntu-1404-virtualbox:     +export JAVA_HOME=/usr/lib/jvm/java-7-openjdk-amd64
I, [2016-01-19T12:06:03.089224 #98515]  INFO -- default-ubuntu-1404-virtualbox: - change mode from '' to '0755'
I, [2016-01-19T12:06:03.089451 #98515]  INFO -- default-ubuntu-1404-virtualbox: Recipe: teamcity::agent_linux
I, [2016-01-19T12:06:03.139952 #98515]  INFO -- default-ubuntu-1404-virtualbox:   * group[teamcity] action create
I, [2016-01-19T12:06:03.140805 #98515]  INFO -- default-ubuntu-1404-virtualbox: 
I, [2016-01-19T12:06:03.214160 #98515]  INFO -- default-ubuntu-1404-virtualbox:   * user[teamcity] action create
I, [2016-01-19T12:06:03.214215 #98515]  INFO -- default-ubuntu-1404-virtualbox:     - create user teamcity
I, [2016-01-19T12:06:03.214232 #98515]  INFO -- default-ubuntu-1404-virtualbox:   * directory[directory 0] action create
I, [2016-01-19T12:06:03.214251 #98515]  INFO -- default-ubuntu-1404-virtualbox:     - create new directory /home/teamcity
I, [2016-01-19T12:06:03.214268 #98515]  INFO -- default-ubuntu-1404-virtualbox:     - change owner from '' to 'teamcity'
I, [2016-01-19T12:06:03.214286 #98515]  INFO -- default-ubuntu-1404-virtualbox:     - change group from '' to 'teamcity'
I, [2016-01-19T12:06:04.702364 #98515]  INFO -- default-ubuntu-1404-virtualbox: 
I, [2016-01-19T12:06:04.791117 #98515]  INFO -- default-ubuntu-1404-virtualbox: 
I, [2016-01-19T12:06:04.791537 #98515]  INFO -- default-ubuntu-1404-virtualbox: 
I, [2016-01-19T12:06:04.794800 #98515]  INFO -- default-ubuntu-1404-virtualbox:     (file sizes exceed 10000000 bytes, diff output suppressed)
I, [2016-01-19T12:06:04.797148 #98515]  INFO -- default-ubuntu-1404-virtualbox: - change mode from '' to '0555'
I, [2016-01-19T12:06:06.127824 #98515]  INFO -- default-ubuntu-1404-virtualbox:   * apt_package[unzip] action install
I, [2016-01-19T12:06:06.127899 #98515]  INFO -- default-ubuntu-1404-virtualbox:     - install version 6.0-9ubuntu1.5 of package unzip
I, [2016-01-19T12:06:06.311585 #98515]  INFO -- default-ubuntu-1404-virtualbox: 
I, [2016-01-19T12:06:06.311824 #98515]  INFO -- default-ubuntu-1404-virtualbox: 
I, [2016-01-19T12:06:06.315810 #98515]  INFO -- default-ubuntu-1404-virtualbox:   * file[/home/teamcity/launcher/bin/TeamCityAgentService-linux-x86-32] action create
I, [2016-01-19T12:06:06.316457 #98515]  INFO -- default-ubuntu-1404-virtualbox: 
I, [2016-01-19T12:06:06.319361 #98515]  INFO -- default-ubuntu-1404-virtualbox:   * file[/home/teamcity/launcher/bin/TeamCityAgentService-linux-x86-64] action create
I, [2016-01-19T12:06:06.320012 #98515]  INFO -- default-ubuntu-1404-virtualbox: - change mode from '0644' to '0755'
I, [2016-01-19T12:06:06.322299 #98515]  INFO -- default-ubuntu-1404-virtualbox:   * file[/home/teamcity/launcher/bin/TeamCityAgentService-linux-ppc-64] action create
I, [2016-01-19T12:06:06.322808 #98515]  INFO -- default-ubuntu-1404-virtualbox: 
I, [2016-01-19T12:06:06.324759 #98515]  INFO -- default-ubuntu-1404-virtualbox:   * file[/home/teamcity/bin/agent.sh] action create
I, [2016-01-19T12:06:06.325446 #98515]  INFO -- default-ubuntu-1404-virtualbox: 
I, [2016-01-19T12:06:06.327406 #98515]  INFO -- default-ubuntu-1404-virtualbox:   * file[/home/teamcity/bin/findJava.sh] action create
I, [2016-01-19T12:06:06.327902 #98515]  INFO -- default-ubuntu-1404-virtualbox: 
I, [2016-01-19T12:06:06.329805 #98515]  INFO -- default-ubuntu-1404-virtualbox:   * file[/home/teamcity/bin/install.sh] action create
I, [2016-01-19T12:06:06.330403 #98515]  INFO -- default-ubuntu-1404-virtualbox: 
I, [2016-01-19T12:06:06.332729 #98515]  INFO -- default-ubuntu-1404-virtualbox:   * template[/home/teamcity/conf/buildAgent.properties] action create
I, [2016-01-19T12:06:06.334219 #98515]  INFO -- default-ubuntu-1404-virtualbox: 
I, [2016-01-19T12:06:06.334257 #98515]  INFO -- default-ubuntu-1404-virtualbox:     - update content in file /home/teamcity/conf/buildAgent.properties from none to fbc6cc
I, [2016-01-19T12:06:06.334417 #98515]  INFO -- default-ubuntu-1404-virtualbox: 2016-01-19 12:06:06.274944547 -0800
I, [2016-01-19T12:06:06.334577 #98515]  INFO -- default-ubuntu-1404-virtualbox: 	2016-01-19 12:06:06.274944547 -0800
I, [2016-01-19T12:06:06.334851 #98515]  INFO -- default-ubuntu-1404-virtualbox:     @@ -1 +1,56 @@
I, [2016-01-19T12:06:06.335068 #98515]  INFO -- default-ubuntu-1404-virtualbox: +## TeamCity build agent configuration file
I, [2016-01-19T12:06:06.335342 #98515]  INFO -- default-ubuntu-1404-virtualbox: +## THIS FILE IS MANAGED BY CHEF. ALL CHANGES WILL BE OVERWRITTEN!
I, [2016-01-19T12:06:06.335398 #98515]  INFO -- default-ubuntu-1404-virtualbox:     +
I, [2016-01-19T12:06:06.335723 #98515]  INFO -- default-ubuntu-1404-virtualbox:     +######################################
I, [2016-01-19T12:06:06.336092 #98515]  INFO -- default-ubuntu-1404-virtualbox:     +#   Required Agent Properties        #
I, [2016-01-19T12:06:06.336130 #98515]  INFO -- default-ubuntu-1404-virtualbox:     +######################################
I, [2016-01-19T12:06:06.336335 #98515]  INFO -- default-ubuntu-1404-virtualbox: +
I, [2016-01-19T12:06:06.336362 #98515]  INFO -- default-ubuntu-1404-virtualbox:     +## The address of the TeamCity server. The same as is used to open TeamCity web interface in the browser.
I, [2016-01-19T12:06:06.336579 #98515]  INFO -- default-ubuntu-1404-virtualbox:     +serverUrl=http://teamcity.hq.daptiv.com
I, [2016-01-19T12:06:06.336729 #98515]  INFO -- default-ubuntu-1404-virtualbox:     +
I, [2016-01-19T12:06:06.336755 #98515]  INFO -- default-ubuntu-1404-virtualbox:     +## The unique name of the agent used to identify this agent on the TeamCity server
I, [2016-01-19T12:06:06.336898 #98515]  INFO -- default-ubuntu-1404-virtualbox: 
I, [2016-01-19T12:06:06.337118 #98515]  INFO -- default-ubuntu-1404-virtualbox:     +name=
I, [2016-01-19T12:06:06.337282 #98515]  INFO -- default-ubuntu-1404-virtualbox:     +
I, [2016-01-19T12:06:06.337406 #98515]  INFO -- default-ubuntu-1404-virtualbox: +## Container directory to create default checkout directories for the build configurations.
I, [2016-01-19T12:06:06.337620 #98515]  INFO -- default-ubuntu-1404-virtualbox:     +workDir=/home/teamcity/work
I, [2016-01-19T12:06:06.337785 #98515]  INFO -- default-ubuntu-1404-virtualbox: 
I, [2016-01-19T12:06:06.337820 #98515]  INFO -- default-ubuntu-1404-virtualbox:     +## Container directory for the temporary directories.
I, [2016-01-19T12:06:06.337970 #98515]  INFO -- default-ubuntu-1404-virtualbox: 
I, [2016-01-19T12:06:06.338145 #98515]  INFO -- default-ubuntu-1404-virtualbox: 
I, [2016-01-19T12:06:06.338284 #98515]  INFO -- default-ubuntu-1404-virtualbox: 
I, [2016-01-19T12:06:06.338456 #98515]  INFO -- default-ubuntu-1404-virtualbox:     +## Container directory for agent system files
I, [2016-01-19T12:06:06.338653 #98515]  INFO -- default-ubuntu-1404-virtualbox:     +systemDir=/home/teamcity
I, [2016-01-19T12:06:06.338787 #98515]  INFO -- default-ubuntu-1404-virtualbox: 
I, [2016-01-19T12:06:06.338969 #98515]  INFO -- default-ubuntu-1404-virtualbox: +
I, [2016-01-19T12:06:06.339228 #98515]  INFO -- default-ubuntu-1404-virtualbox:     +######################################
I, [2016-01-19T12:06:06.339513 #98515]  INFO -- default-ubuntu-1404-virtualbox:     +#   Optional Agent Properties        #
I, [2016-01-19T12:06:06.339690 #98515]  INFO -- default-ubuntu-1404-virtualbox:     +######################################
I, [2016-01-19T12:06:06.339946 #98515]  INFO -- default-ubuntu-1404-virtualbox:     +
I, [2016-01-19T12:06:06.340122 #98515]  INFO -- default-ubuntu-1404-virtualbox:     +## The IP address which will be used by TeamCity server to connect to the build agent.
I, [2016-01-19T12:06:06.340301 #98515]  INFO -- default-ubuntu-1404-virtualbox:     +## If not specified, it is detected by build agent automatically,
I, [2016-01-19T12:06:06.340334 #98515]  INFO -- default-ubuntu-1404-virtualbox:     +## but if the machine has several network interfaces, automatic detection may fail.
I, [2016-01-19T12:06:06.340477 #98515]  INFO -- default-ubuntu-1404-virtualbox: 
I, [2016-01-19T12:06:06.340500 #98515]  INFO -- default-ubuntu-1404-virtualbox:     +## Optional
I, [2016-01-19T12:06:06.340745 #98515]  INFO -- default-ubuntu-1404-virtualbox:     +## A port that TeamCity server will use to connect to the agent.
I, [2016-01-19T12:06:06.340965 #98515]  INFO -- default-ubuntu-1404-virtualbox: +## Please make sure that incoming connections for this port
I, [2016-01-19T12:06:06.341132 #98515]  INFO -- default-ubuntu-1404-virtualbox:     +## are allowed on the agent computer (e.g. not blocked by a firewall)
I, [2016-01-19T12:06:06.341295 #98515]  INFO -- default-ubuntu-1404-virtualbox:     +ownPort=9090
I, [2016-01-19T12:06:06.341481 #98515]  INFO -- default-ubuntu-1404-virtualbox:     +
I, [2016-01-19T12:06:06.341505 #98515]  INFO -- default-ubuntu-1404-virtualbox:     +## A token which is used to identify this agent on the TeamCity server.
I, [2016-01-19T12:06:06.341605 #98515]  INFO -- default-ubuntu-1404-virtualbox: 
I, [2016-01-19T12:06:06.341690 #98515]  INFO -- default-ubuntu-1404-virtualbox: 
I, [2016-01-19T12:06:06.344896 #98515]  INFO -- default-ubuntu-1404-virtualbox: 
I, [2016-01-19T12:06:06.344935 #98515]  INFO -- default-ubuntu-1404-virtualbox:     +
I, [2016-01-19T12:06:06.345048 #98515]  INFO -- default-ubuntu-1404-virtualbox: 
I, [2016-01-19T12:06:06.345203 #98515]  INFO -- default-ubuntu-1404-virtualbox: 
I, [2016-01-19T12:06:06.345385 #98515]  INFO -- default-ubuntu-1404-virtualbox: 
I, [2016-01-19T12:06:06.345686 #98515]  INFO -- default-ubuntu-1404-virtualbox:     +## All properties starting with "system.name" will be passed to the build script as "name"
I, [2016-01-19T12:06:06.345989 #98515]  INFO -- default-ubuntu-1404-virtualbox: +## All properties starting with "env.name" will be set as environment variable "name" for the build process
I, [2016-01-19T12:06:06.346204 #98515]  INFO -- default-ubuntu-1404-virtualbox: +## Note that value should be properly escaped. (use "\\" to represent single backslash ("\"))
I, [2016-01-19T12:06:06.346346 #98515]  INFO -- default-ubuntu-1404-virtualbox: 
I, [2016-01-19T12:06:06.346529 #98515]  INFO -- default-ubuntu-1404-virtualbox: 
I, [2016-01-19T12:06:06.346834 #98515]  INFO -- default-ubuntu-1404-virtualbox:     +# Build Script Properties
I, [2016-01-19T12:06:06.347115 #98515]  INFO -- default-ubuntu-1404-virtualbox:     +
I, [2016-01-19T12:06:06.347314 #98515]  INFO -- default-ubuntu-1404-virtualbox:     +# Environment Variables
I, [2016-01-19T12:06:06.347341 #98515]  INFO -- default-ubuntu-1404-virtualbox:     - change mode from '' to '0644'
I, [2016-01-19T12:06:06.347436 #98515]  INFO -- default-ubuntu-1404-virtualbox: 
I, [2016-01-19T12:06:06.347573 #98515]  INFO -- default-ubuntu-1404-virtualbox:   * template[/etc/init.d/teamcity-agent] action create
I, [2016-01-19T12:06:06.347694 #98515]  INFO -- default-ubuntu-1404-virtualbox: 
I, [2016-01-19T12:06:06.347732 #98515]  INFO -- default-ubuntu-1404-virtualbox:     - update content in file /etc/init.d/teamcity-agent from none to e533d7
I, [2016-01-19T12:06:06.347880 #98515]  INFO -- default-ubuntu-1404-virtualbox: 2016-01-19 12:06:06.286944548 -0800
I, [2016-01-19T12:06:06.348020 #98515]  INFO -- default-ubuntu-1404-virtualbox: +++ /etc/init.d/.teamcity-agent20160119-1561-1v6a77q	2016-01-19 12:06:06.286944548 -0800
I, [2016-01-19T12:06:06.348045 #98515]  INFO -- default-ubuntu-1404-virtualbox:     @@ -1 +1,18 @@
I, [2016-01-19T12:06:06.348174 #98515]  INFO -- default-ubuntu-1404-virtualbox: 
I, [2016-01-19T12:06:06.348210 #98515]  INFO -- default-ubuntu-1404-virtualbox:     +## THIS FILE IS MANAGED BY CHEF. ALL CHANGES WILL BE OVERWRITTEN!
I, [2016-01-19T12:06:06.348368 #98515]  INFO -- default-ubuntu-1404-virtualbox: 
I, [2016-01-19T12:06:06.348498 #98515]  INFO -- default-ubuntu-1404-virtualbox: 
I, [2016-01-19T12:06:06.348607 #98515]  INFO -- default-ubuntu-1404-virtualbox: +    start|"")
I, [2016-01-19T12:06:06.348747 #98515]  INFO -- default-ubuntu-1404-virtualbox:     +    su -l teamcity -c "/home/teamcity/bin/agent.sh start"
I, [2016-01-19T12:06:06.348836 #98515]  INFO -- default-ubuntu-1404-virtualbox:     +    ;;
I, [2016-01-19T12:06:06.348919 #98515]  INFO -- default-ubuntu-1404-virtualbox: 
I, [2016-01-19T12:06:06.349004 #98515]  INFO -- default-ubuntu-1404-virtualbox:     +    su -l teamcity -c "/home/teamcity/bin/agent.sh stop"
I, [2016-01-19T12:06:06.349133 #98515]  INFO -- default-ubuntu-1404-virtualbox: +    ;;
I, [2016-01-19T12:06:06.349374 #98515]  INFO -- default-ubuntu-1404-virtualbox:     +    status)
I, [2016-01-19T12:06:06.349406 #98515]  INFO -- default-ubuntu-1404-virtualbox:     +    fuser /home/teamcity/launcher/lib/launcher.jar
I, [2016-01-19T12:06:06.349531 #98515]  INFO -- default-ubuntu-1404-virtualbox: 
I, [2016-01-19T12:06:06.349558 #98515]  INFO -- default-ubuntu-1404-virtualbox:     +    *)
I, [2016-01-19T12:06:06.349729 #98515]  INFO -- default-ubuntu-1404-virtualbox:     +    echo "Usage: $0 start|stop|status"
I, [2016-01-19T12:06:06.349754 #98515]  INFO -- default-ubuntu-1404-virtualbox:     +    exit 3
I, [2016-01-19T12:06:06.349970 #98515]  INFO -- default-ubuntu-1404-virtualbox: +esac
I, [2016-01-19T12:06:06.350061 #98515]  INFO -- default-ubuntu-1404-virtualbox: 
I, [2016-01-19T12:06:06.435804 #98515]  INFO -- default-ubuntu-1404-virtualbox:   * service[teamcity-agent] action enable
I, [2016-01-19T12:06:06.436142 #98515]  INFO -- default-ubuntu-1404-virtualbox: 
I, [2016-01-19T12:06:07.345836 #98515]  INFO -- default-ubuntu-1404-virtualbox:   * service[teamcity-agent] action start
I, [2016-01-19T12:06:07.345898 #98515]  INFO -- default-ubuntu-1404-virtualbox:     - start service service[teamcity-agent]
I, [2016-01-19T12:06:07.394724 #98515]  INFO -- default-ubuntu-1404-virtualbox: 
I, [2016-01-19T12:06:07.395076 #98515]  INFO -- default-ubuntu-1404-virtualbox: Running handlers:
I, [2016-01-19T12:06:07.395317 #98515]  INFO -- default-ubuntu-1404-virtualbox: Running handlers complete
I, [2016-01-19T12:06:07.395848 #98515]  INFO -- default-ubuntu-1404-virtualbox: Chef Client finished, 25/33 resources updated in 50 seconds
I, [2016-01-19T12:06:08.660804 #98515]  INFO -- default-ubuntu-1404-virtualbox: Finished converging <default-ubuntu-1404-virtualbox> (0m55.40s).
I, [2016-01-19T12:06:08.660914 #98515]  INFO -- default-ubuntu-1404-virtualbox: -----> Setting up <default-ubuntu-1404-virtualbox>...
I, [2016-01-19T12:06:08.662426 #98515]  INFO -- default-ubuntu-1404-virtualbox: Finished setting up <default-ubuntu-1404-virtualbox> (0m0.00s).
I, [2016-01-19T12:06:08.662521 #98515]  INFO -- default-ubuntu-1404-virtualbox: -----> Verifying <default-ubuntu-1404-virtualbox>...
I, [2016-01-19T12:06:08.663111 #98515]  INFO -- default-ubuntu-1404-virtualbox: Preparing files for transfer
I, [2016-01-19T12:06:08.663537 #98515]  INFO -- default-ubuntu-1404-virtualbox: Transferring files to <default-ubuntu-1404-virtualbox>
I, [2016-01-19T12:06:08.664160 #98515]  INFO -- default-ubuntu-1404-virtualbox: Finished verifying <default-ubuntu-1404-virtualbox> (0m0.00s).
I, [2016-01-19T12:06:08.664653 #98515]  INFO -- default-ubuntu-1404-virtualbox: -----> Destroying <default-ubuntu-1404-virtualbox>...
I, [2016-01-19T12:06:11.310968 #98515]  INFO -- default-ubuntu-1404-virtualbox: ==> default: Forcing shutdown of VM...
I, [2016-01-19T12:06:12.460708 #98515]  INFO -- default-ubuntu-1404-virtualbox: ==> default: Destroying VM and associated drives...
I, [2016-01-19T12:06:12.738359 #98515]  INFO -- default-ubuntu-1404-virtualbox: Vagrant instance <default-ubuntu-1404-virtualbox> destroyed.
I, [2016-01-19T12:06:12.739607 #98515]  INFO -- default-ubuntu-1404-virtualbox: Finished destroying <default-ubuntu-1404-virtualbox> (0m4.07s).
I, [2016-01-19T12:06:12.740727 #98515]  INFO -- default-ubuntu-1404-virtualbox: Finished testing <default-ubuntu-1404-virtualbox> (4m18.85s).
