I, [2016-01-19T12:01:53.886845 #98515]  INFO -- default-windows2012r2-chef12: -----> Cleaning up any prior instances of <default-windows2012r2-chef12>
I, [2016-01-19T12:01:53.887809 #98515]  INFO -- default-windows2012r2-chef12: -----> Destroying <default-windows2012r2-chef12>...
I, [2016-01-19T12:01:57.140496 #98515]  INFO -- default-windows2012r2-chef12: ==> default: Forcing shutdown of VM...
I, [2016-01-19T12:01:58.352132 #98515]  INFO -- default-windows2012r2-chef12: ==> default: Destroying VM and associated drives...
I, [2016-01-19T12:01:58.682616 #98515]  INFO -- default-windows2012r2-chef12: Vagrant instance <default-windows2012r2-chef12> destroyed.
I, [2016-01-19T12:01:58.689756 #98515]  INFO -- default-windows2012r2-chef12: Finished destroying <default-windows2012r2-chef12> (0m4.79s).
I, [2016-01-19T12:01:58.690336 #98515]  INFO -- default-windows2012r2-chef12: -----> Testing <default-windows2012r2-chef12>
I, [2016-01-19T12:01:58.690579 #98515]  INFO -- default-windows2012r2-chef12: -----> Creating <default-windows2012r2-chef12>...
I, [2016-01-19T12:02:04.466601 #98515]  INFO -- default-windows2012r2-chef12: Bringing machine 'default' up with 'virtualbox' provider...
I, [2016-01-19T12:02:04.679144 #98515]  INFO -- default-windows2012r2-chef12: ==> default: Importing base box 'daptiv/windows2012r2_chef11'...
I, [2016-01-19T12:04:00.355457 #98515]  INFO -- default-windows2012r2-chef12: [KProgress: 10%[KProgress: 20%[KProgress: 70%[KProgress: 90%[K==> default: Matching MAC address for NAT networking...
I, [2016-01-19T12:04:00.511344 #98515]  INFO -- default-windows2012r2-chef12: ==> default: Checking if box 'daptiv/windows2012r2_chef11' is up to date...
I, [2016-01-19T12:04:01.182532 #98515]  INFO -- default-windows2012r2-chef12: ==> default: Setting the name of the VM: kitchen-teamcity-default-windows2012r2-chef12_default_1453233841140_14745
I, [2016-01-19T12:04:01.315110 #98515]  INFO -- default-windows2012r2-chef12: ==> default: Clearing any previously set forwarded ports...
I, [2016-01-19T12:04:01.813901 #98515]  INFO -- default-windows2012r2-chef12: ==> default: Clearing any previously set network interfaces...
I, [2016-01-19T12:04:01.861420 #98515]  INFO -- default-windows2012r2-chef12: ==> default: Preparing network interfaces based on configuration...
I, [2016-01-19T12:04:01.861740 #98515]  INFO -- default-windows2012r2-chef12:     default: Adapter 1: nat
I, [2016-01-19T12:04:01.915115 #98515]  INFO -- default-windows2012r2-chef12: ==> default: Forwarding ports...
I, [2016-01-19T12:04:02.012455 #98515]  INFO -- default-windows2012r2-chef12:     default: 5985 => 55985 (adapter 1)
I, [2016-01-19T12:04:02.012894 #98515]  INFO -- default-windows2012r2-chef12:     default: 5986 => 55986 (adapter 1)
I, [2016-01-19T12:04:02.155241 #98515]  INFO -- default-windows2012r2-chef12: ==> default: Booting VM...
I, [2016-01-19T12:04:02.399518 #98515]  INFO -- default-windows2012r2-chef12: ==> default: Waiting for machine to boot. This may take a few minutes...
I, [2016-01-19T12:04:02.975633 #98515]  INFO -- default-windows2012r2-chef12:     default: WinRM address: 127.0.0.1:55985
I, [2016-01-19T12:04:02.975737 #98515]  INFO -- default-windows2012r2-chef12:     default: WinRM username: vagrant
I, [2016-01-19T12:04:02.975829 #98515]  INFO -- default-windows2012r2-chef12:     default: WinRM transport: plaintext
I, [2016-01-19T12:04:26.451334 #98515]  INFO -- default-windows2012r2-chef12: ==> default: Machine booted and ready!
I, [2016-01-19T12:04:26.451738 #98515]  INFO -- default-windows2012r2-chef12: ==> default: Checking for guest additions in VM...
I, [2016-01-19T12:04:26.495135 #98515]  INFO -- default-windows2012r2-chef12:     default: The guest additions on this VM do not match the installed version of
I, [2016-01-19T12:04:26.495237 #98515]  INFO -- default-windows2012r2-chef12:     default: VirtualBox! In most cases this is fine, but in rare cases it can
I, [2016-01-19T12:04:26.495295 #98515]  INFO -- default-windows2012r2-chef12:     default: prevent things such as shared folders from working properly. If you see
I, [2016-01-19T12:04:26.495355 #98515]  INFO -- default-windows2012r2-chef12:     default: shared folder errors, please make sure the guest additions within the
I, [2016-01-19T12:04:26.495401 #98515]  INFO -- default-windows2012r2-chef12:     default: virtual machine match the version of VirtualBox you have installed on
I, [2016-01-19T12:04:26.495445 #98515]  INFO -- default-windows2012r2-chef12:     default: your host and reload your VM.
I, [2016-01-19T12:04:26.495484 #98515]  INFO -- default-windows2012r2-chef12:     default: 
I, [2016-01-19T12:04:26.495551 #98515]  INFO -- default-windows2012r2-chef12:     default: Guest Additions Version: 4.3.14
I, [2016-01-19T12:04:26.495602 #98515]  INFO -- default-windows2012r2-chef12:     default: VirtualBox Version: 5.0
I, [2016-01-19T12:04:26.603222 #98515]  INFO -- default-windows2012r2-chef12: ==> default: Machine not provisioned because `--no-provision` is specified.
I, [2016-01-19T12:04:30.664699 #98515]  INFO -- default-windows2012r2-chef12: [WinRM] Established
I, [2016-01-19T12:04:30.683920 #98515]  INFO -- default-windows2012r2-chef12: Vagrant instance <default-windows2012r2-chef12> created.
I, [2016-01-19T12:04:30.685871 #98515]  INFO -- default-windows2012r2-chef12: Finished creating <default-windows2012r2-chef12> (2m31.99s).
I, [2016-01-19T12:04:30.688120 #98515]  INFO -- default-windows2012r2-chef12: -----> Converging <default-windows2012r2-chef12>...
I, [2016-01-19T12:04:30.689024 #98515]  INFO -- default-windows2012r2-chef12: Preparing files for transfer
I, [2016-01-19T12:04:30.689128 #98515]  INFO -- default-windows2012r2-chef12: Preparing dna.json
I, [2016-01-19T12:04:30.691964 #98515]  INFO -- default-windows2012r2-chef12: Resolving cookbook dependencies with Berkshelf 4.0.1...
I, [2016-01-19T12:04:33.700400 #98515]  INFO -- default-windows2012r2-chef12: Removing non-cookbook files before transfer
I, [2016-01-19T12:04:33.712963 #98515]  INFO -- default-windows2012r2-chef12: Preparing data_bags
I, [2016-01-19T12:04:33.846648 #98515]  INFO -- default-windows2012r2-chef12: Preparing secret
I, [2016-01-19T12:04:33.847134 #98515]  INFO -- default-windows2012r2-chef12: Preparing validation.pem
I, [2016-01-19T12:04:33.847713 #98515]  INFO -- default-windows2012r2-chef12: Preparing client.rb
I, [2016-01-19T12:04:34.306459 #98515]  INFO -- default-windows2012r2-chef12: -----> Chef Omnibus installation detected (install only if missing)
I, [2016-01-19T12:04:34.762289 #98515]  INFO -- default-windows2012r2-chef12: Transferring files to <default-windows2012r2-chef12>
I, [2016-01-19T12:04:46.332069 #98515]  INFO -- default-windows2012r2-chef12: [2016-01-19T12:04:45-08:00] WARN: 
I, [2016-01-19T12:04:46.332123 #98515]  INFO -- default-windows2012r2-chef12: * * * * * * * * * * * * * * * * * * * * * * * * * * * * * * * * * * * * * * * * 
I, [2016-01-19T12:04:46.332144 #98515]  INFO -- default-windows2012r2-chef12: SSL validation of HTTPS requests is disabled. HTTPS connections are still
I, [2016-01-19T12:04:46.332160 #98515]  INFO -- default-windows2012r2-chef12: encrypted, but chef is not able to detect forged replies or man in the middle
I, [2016-01-19T12:04:46.332173 #98515]  INFO -- default-windows2012r2-chef12: attacks.
I, [2016-01-19T12:04:46.332187 #98515]  INFO -- default-windows2012r2-chef12: 
I, [2016-01-19T12:04:46.332199 #98515]  INFO -- default-windows2012r2-chef12: To fix this issue add an entry like this to your configuration file:
I, [2016-01-19T12:04:46.332211 #98515]  INFO -- default-windows2012r2-chef12: 
I, [2016-01-19T12:04:46.332223 #98515]  INFO -- default-windows2012r2-chef12: ```
I, [2016-01-19T12:04:46.332235 #98515]  INFO -- default-windows2012r2-chef12:   # Verify all HTTPS connections (recommended)
I, [2016-01-19T12:04:46.332248 #98515]  INFO -- default-windows2012r2-chef12:   ssl_verify_mode :verify_peer
I, [2016-01-19T12:04:46.332261 #98515]  INFO -- default-windows2012r2-chef12: 
I, [2016-01-19T12:04:46.332272 #98515]  INFO -- default-windows2012r2-chef12:   # OR, Verify only connections to chef-server
I, [2016-01-19T12:04:46.332285 #98515]  INFO -- default-windows2012r2-chef12:   verify_api_cert true
I, [2016-01-19T12:04:46.332303 #98515]  INFO -- default-windows2012r2-chef12: ```
I, [2016-01-19T12:04:46.332315 #98515]  INFO -- default-windows2012r2-chef12: 
I, [2016-01-19T12:04:46.332328 #98515]  INFO -- default-windows2012r2-chef12: To check your SSL configuration, or troubleshoot errors, you can use the
I, [2016-01-19T12:04:46.332340 #98515]  INFO -- default-windows2012r2-chef12: `knife ssl check` command like so:
I, [2016-01-19T12:04:46.332351 #98515]  INFO -- default-windows2012r2-chef12: 
I, [2016-01-19T12:04:46.332362 #98515]  INFO -- default-windows2012r2-chef12: ```
I, [2016-01-19T12:04:46.332374 #98515]  INFO -- default-windows2012r2-chef12:   knife ssl check -c C:\Users\vagrant\AppData\Local\Temp\kitchen\client.rb
I, [2016-01-19T12:04:46.332385 #98515]  INFO -- default-windows2012r2-chef12: ```
I, [2016-01-19T12:04:46.332396 #98515]  INFO -- default-windows2012r2-chef12: 
I, [2016-01-19T12:04:46.332408 #98515]  INFO -- default-windows2012r2-chef12: * * * * * * * * * * * * * * * * * * * * * * * * * * * * * * * * * * * * * * * * 
I, [2016-01-19T12:04:50.148553 #98515]  INFO -- default-windows2012r2-chef12: Starting Chef Client, version 11.12.4
I, [2016-01-19T12:04:55.444671 #98515]  INFO -- default-windows2012r2-chef12: Creating a new client identity for default-windows2012r2-chef12 using the validator key.
I, [2016-01-19T12:04:55.444786 #98515]  INFO -- default-windows2012r2-chef12: resolving cookbooks for run list: ["daptiv_java", "teamcity"]
I, [2016-01-19T12:04:56.784192 #98515]  INFO -- default-windows2012r2-chef12: Synchronizing Cookbooks:
I, [2016-01-19T12:04:56.784323 #98515]  INFO -- default-windows2012r2-chef12:   - daptiv_java
I, [2016-01-19T12:04:57.645372 #98515]  INFO -- default-windows2012r2-chef12:   - teamcity
I, [2016-01-19T12:04:58.440073 #98515]  INFO -- default-windows2012r2-chef12:   - apt
I, [2016-01-19T12:04:59.612190 #98515]  INFO -- default-windows2012r2-chef12:   - java
I, [2016-01-19T12:05:02.740234 #98515]  INFO -- default-windows2012r2-chef12:   - windows
I, [2016-01-19T12:05:02.740399 #98515]  INFO -- default-windows2012r2-chef12:   - chef-sugar
I, [2016-01-19T12:05:02.740538 #98515]  INFO -- default-windows2012r2-chef12:   - chef_handler
I, [2016-01-19T12:05:02.740574 #98515]  INFO -- default-windows2012r2-chef12: Compiling Cookbooks...
I, [2016-01-19T12:05:02.740664 #98515]  INFO -- default-windows2012r2-chef12: Recipe: chef-sugar::default
I, [2016-01-19T12:05:02.740689 #98515]  INFO -- default-windows2012r2-chef12:   * chef_gem[chef-sugar] action nothing (skipped due to action :nothing)
I, [2016-01-19T12:05:05.692048 #98515]  INFO -- default-windows2012r2-chef12: 
I, [2016-01-19T12:05:05.692144 #98515]  INFO -- default-windows2012r2-chef12: 
I, [2016-01-19T12:05:05.692220 #98515]  INFO -- default-windows2012r2-chef12: Converging 16 resources
I, [2016-01-19T12:05:05.692238 #98515]  INFO -- default-windows2012r2-chef12: Recipe: daptiv_java::windows
I, [2016-01-19T12:05:05.692302 #98515]  INFO -- default-windows2012r2-chef12: 
I, [2016-01-19T12:05:05.692350 #98515]  INFO -- default-windows2012r2-chef12: 
I, [2016-01-19T12:05:05.692378 #98515]  INFO -- default-windows2012r2-chef12:   * ruby_block[set_java_home_cur_process] action run
I, [2016-01-19T12:05:05.692391 #98515]  INFO -- default-windows2012r2-chef12:     - execute the ruby block set_java_home_cur_process
I, [2016-01-19T12:05:05.692404 #98515]  INFO -- default-windows2012r2-chef12: Recipe: java::windows
I, [2016-01-19T12:05:05.692499 #98515]  INFO -- default-windows2012r2-chef12: 
I, [2016-01-19T12:05:26.800973 #98515]  INFO -- default-windows2012r2-chef12: 
I, [2016-01-19T12:05:26.801079 #98515]  INFO -- default-windows2012r2-chef12: 
I, [2016-01-19T12:05:26.801117 #98515]  INFO -- default-windows2012r2-chef12:  (file sizes exceed 10000000 bytes, diff output suppressed)
I, [2016-01-19T12:05:26.801200 #98515]  INFO -- default-windows2012r2-chef12:  (up to date)
I, [2016-01-19T12:05:26.801252 #98515]  INFO -- default-windows2012r2-chef12: Recipe: <Dynamically Defined Resource>
I, [2016-01-19T12:05:26.801320 #98515]  INFO -- default-windows2012r2-chef12: 
I, [2016-01-19T12:05:26.801382 #98515]  INFO -- default-windows2012r2-chef12: 
I, [2016-01-19T12:05:26.801401 #98515]  INFO -- default-windows2012r2-chef12: Recipe: java::windows
I, [2016-01-19T12:05:35.742550 #98515]  INFO -- default-windows2012r2-chef12: 
I, [2016-01-19T12:05:35.742665 #98515]  INFO -- default-windows2012r2-chef12: Recipe: chef-sugar::default
I, [2016-01-19T12:05:35.742691 #98515]  INFO -- default-windows2012r2-chef12:   * chef_gem[chef-sugar] action nothing (skipped due to action :nothing)
I, [2016-01-19T12:05:35.742708 #98515]  INFO -- default-windows2012r2-chef12: Recipe: teamcity::agent_windows
I, [2016-01-19T12:05:35.742731 #98515]  INFO -- default-windows2012r2-chef12:   * directory[C:/home/teamcity] action create
I, [2016-01-19T12:05:35.742756 #98515]  INFO -- default-windows2012r2-chef12:     - create new directory C:/home/teamcity
I, [2016-01-19T12:05:35.742779 #98515]  INFO -- default-windows2012r2-chef12:   * remote_file[C:\Users\vagrant\AppData\Local\Temp\kitchen\cache/teamcity-agent-25fcc1b21e179db123dff5902660e671.zip] action create_if_missing
I, [2016-01-19T12:05:38.065107 #98515]  INFO -- default-windows2012r2-chef12: 
I, [2016-01-19T12:05:38.065232 #98515]  INFO -- default-windows2012r2-chef12: 
I, [2016-01-19T12:05:38.065269 #98515]  INFO -- default-windows2012r2-chef12:  (file sizes exceed 10000000 bytes, diff output suppressed)
I, [2016-01-19T12:05:38.065376 #98515]  INFO -- default-windows2012r2-chef12: Recipe: <Dynamically Defined Resource>
I, [2016-01-19T12:05:40.080574 #98515]  INFO -- default-windows2012r2-chef12: 
I, [2016-01-19T12:05:40.080680 #98515]  INFO -- default-windows2012r2-chef12: 
I, [2016-01-19T12:05:41.396013 #98515]  INFO -- default-windows2012r2-chef12: 
I, [2016-01-19T12:05:41.396140 #98515]  INFO -- default-windows2012r2-chef12:   * chef_gem[rubyzip] action install (up to date)
I, [2016-01-19T12:05:41.396170 #98515]  INFO -- default-windows2012r2-chef12: Recipe: teamcity::agent_windows
I, [2016-01-19T12:05:41.396320 #98515]  INFO -- default-windows2012r2-chef12: 
I, [2016-01-19T12:05:41.396433 #98515]  INFO -- default-windows2012r2-chef12: 
I, [2016-01-19T12:05:41.396638 #98515]  INFO -- default-windows2012r2-chef12: 
I, [2016-01-19T12:05:41.396684 #98515]  INFO -- default-windows2012r2-chef12:  --- C:/home/teamcity/conf/buildAgent.properties	2016-01-19 12:05:40.000000000 -0800
I, [2016-01-19T12:05:41.396719 #98515]  INFO -- default-windows2012r2-chef12:  +++ C:/Users/vagrant/AppData/Local/Temp/chef-rendered-template20160119-3764-1r0pw00	2016-01-19 12:05:40.000000000 -0800
I, [2016-01-19T12:05:41.396741 #98515]  INFO -- default-windows2012r2-chef12:  @@ -1 +1,56 @@
I, [2016-01-19T12:05:41.396760 #98515]  INFO -- default-windows2012r2-chef12:  +## TeamCity build agent configuration file
I, [2016-01-19T12:05:41.396778 #98515]  INFO -- default-windows2012r2-chef12:  +## THIS FILE IS MANAGED BY CHEF. ALL CHANGES WILL BE OVERWRITTEN!
I, [2016-01-19T12:05:41.396795 #98515]  INFO -- default-windows2012r2-chef12:  +
I, [2016-01-19T12:05:41.396811 #98515]  INFO -- default-windows2012r2-chef12:  +######################################
I, [2016-01-19T12:05:41.396828 #98515]  INFO -- default-windows2012r2-chef12:  +#   Required Agent Properties        #
I, [2016-01-19T12:05:41.396843 #98515]  INFO -- default-windows2012r2-chef12:  +######################################
I, [2016-01-19T12:05:41.396858 #98515]  INFO -- default-windows2012r2-chef12:  +
I, [2016-01-19T12:05:41.396875 #98515]  INFO -- default-windows2012r2-chef12:  +## The address of the TeamCity server. The same as is used to open TeamCity web interface in the browser.
I, [2016-01-19T12:05:41.396892 #98515]  INFO -- default-windows2012r2-chef12:  +serverUrl=http://teamcity.hq.daptiv.com
I, [2016-01-19T12:05:41.396907 #98515]  INFO -- default-windows2012r2-chef12:  +
I, [2016-01-19T12:05:41.396925 #98515]  INFO -- default-windows2012r2-chef12:  +## The unique name of the agent used to identify this agent on the TeamCity server
I, [2016-01-19T12:05:41.396955 #98515]  INFO -- default-windows2012r2-chef12:  +## Use blank name to let server generate it. By default, this name would be created from the build agent's host name
I, [2016-01-19T12:05:41.396972 #98515]  INFO -- default-windows2012r2-chef12:  +name=
I, [2016-01-19T12:05:41.396988 #98515]  INFO -- default-windows2012r2-chef12:  +
I, [2016-01-19T12:05:41.397004 #98515]  INFO -- default-windows2012r2-chef12:  +## Container directory to create default checkout directories for the build configurations.
I, [2016-01-19T12:05:41.397020 #98515]  INFO -- default-windows2012r2-chef12:  +workDir=C:/home/teamcity/work
I, [2016-01-19T12:05:41.397035 #98515]  INFO -- default-windows2012r2-chef12:  +
I, [2016-01-19T12:05:41.397052 #98515]  INFO -- default-windows2012r2-chef12:  +## Container directory for the temporary directories.
I, [2016-01-19T12:05:41.397069 #98515]  INFO -- default-windows2012r2-chef12:  +## Please note that the directory may be cleaned between the builds.
I, [2016-01-19T12:05:41.397085 #98515]  INFO -- default-windows2012r2-chef12:  +tempDir=C:/home/teamcity/tmp
I, [2016-01-19T12:05:41.397100 #98515]  INFO -- default-windows2012r2-chef12:  +
I, [2016-01-19T12:05:41.397115 #98515]  INFO -- default-windows2012r2-chef12:  +## Container directory for agent system files
I, [2016-01-19T12:05:41.397131 #98515]  INFO -- default-windows2012r2-chef12:  +systemDir=C:/home/teamcity
I, [2016-01-19T12:05:41.397146 #98515]  INFO -- default-windows2012r2-chef12:  +
I, [2016-01-19T12:05:41.397161 #98515]  INFO -- default-windows2012r2-chef12:  +
I, [2016-01-19T12:05:41.397176 #98515]  INFO -- default-windows2012r2-chef12:  +######################################
I, [2016-01-19T12:05:41.397192 #98515]  INFO -- default-windows2012r2-chef12:  +#   Optional Agent Properties        #
I, [2016-01-19T12:05:41.397207 #98515]  INFO -- default-windows2012r2-chef12:  +######################################
I, [2016-01-19T12:05:41.397222 #98515]  INFO -- default-windows2012r2-chef12:  +
I, [2016-01-19T12:05:41.397238 #98515]  INFO -- default-windows2012r2-chef12:  +## The IP address which will be used by TeamCity server to connect to the build agent.
I, [2016-01-19T12:05:41.397255 #98515]  INFO -- default-windows2012r2-chef12:  +## If not specified, it is detected by build agent automatically,
I, [2016-01-19T12:05:41.397273 #98515]  INFO -- default-windows2012r2-chef12:  +## but if the machine has several network interfaces, automatic detection may fail.
I, [2016-01-19T12:05:41.397289 #98515]  INFO -- default-windows2012r2-chef12:  +
I, [2016-01-19T12:05:41.397304 #98515]  INFO -- default-windows2012r2-chef12:  +## Optional
I, [2016-01-19T12:05:41.397320 #98515]  INFO -- default-windows2012r2-chef12:  +## A port that TeamCity server will use to connect to the agent.
I, [2016-01-19T12:05:41.397337 #98515]  INFO -- default-windows2012r2-chef12:  +## Please make sure that incoming connections for this port
I, [2016-01-19T12:05:41.397354 #98515]  INFO -- default-windows2012r2-chef12:  +## are allowed on the agent computer (e.g. not blocked by a firewall)
I, [2016-01-19T12:05:41.397371 #98515]  INFO -- default-windows2012r2-chef12:  +ownPort=9090
I, [2016-01-19T12:05:41.397386 #98515]  INFO -- default-windows2012r2-chef12:  +
I, [2016-01-19T12:05:41.397402 #98515]  INFO -- default-windows2012r2-chef12:  +## A token which is used to identify this agent on the TeamCity server.
I, [2016-01-19T12:05:41.397420 #98515]  INFO -- default-windows2012r2-chef12:  +## It is automatically generated and saved on the first agent connection to the server.
I, [2016-01-19T12:05:41.397436 #98515]  INFO -- default-windows2012r2-chef12:  +authorizationToken=
I, [2016-01-19T12:05:41.397451 #98515]  INFO -- default-windows2012r2-chef12:  +
I, [2016-01-19T12:05:41.397465 #98515]  INFO -- default-windows2012r2-chef12:  +
I, [2016-01-19T12:05:41.397480 #98515]  INFO -- default-windows2012r2-chef12:  +######################################
I, [2016-01-19T12:05:41.397495 #98515]  INFO -- default-windows2012r2-chef12:  +#   Default Build Properties         #
I, [2016-01-19T12:05:41.397515 #98515]  INFO -- default-windows2012r2-chef12:  +######################################
I, [2016-01-19T12:05:41.397533 #98515]  INFO -- default-windows2012r2-chef12:  +## All properties starting with "system.name" will be passed to the build script as "name"
I, [2016-01-19T12:05:41.397550 #98515]  INFO -- default-windows2012r2-chef12:  +## All properties starting with "env.name" will be set as environment variable "name" for the build process
I, [2016-01-19T12:05:41.397567 #98515]  INFO -- default-windows2012r2-chef12:  +## Note that value should be properly escaped. (use "\\" to represent single backslash ("\"))
I, [2016-01-19T12:05:41.397584 #98515]  INFO -- default-windows2012r2-chef12:  +## More on file structure: http://java.sun.com/j2se/1.5.0/docs/api/java/util/Properties.html#load(java.io.InputStream)
I, [2016-01-19T12:05:41.397600 #98515]  INFO -- default-windows2012r2-chef12:  +
I, [2016-01-19T12:05:41.397615 #98515]  INFO -- default-windows2012r2-chef12:  +# Build Script Properties
I, [2016-01-19T12:05:41.397630 #98515]  INFO -- default-windows2012r2-chef12:  +
I, [2016-01-19T12:05:41.397645 #98515]  INFO -- default-windows2012r2-chef12:  +# Environment Variables
I, [2016-01-19T12:05:41.398546 #98515]  INFO -- default-windows2012r2-chef12: 
I, [2016-01-19T12:05:41.398726 #98515]  INFO -- default-windows2012r2-chef12: 
I, [2016-01-19T12:05:41.398768 #98515]  INFO -- default-windows2012r2-chef12:  --- C:/home/teamcity/launcher/conf/wrapper.conf	2016-01-19 12:05:39.000000000 -0800
I, [2016-01-19T12:05:41.398801 #98515]  INFO -- default-windows2012r2-chef12:  +++ C:/Users/vagrant/AppData/Local/Temp/chef-rendered-template20160119-3764-d2s7gn	2016-01-19 12:05:40.000000000 -0800
I, [2016-01-19T12:05:41.398829 #98515]  INFO -- default-windows2012r2-chef12:  @@ -1,3 +1,5 @@
I, [2016-01-19T12:05:41.398857 #98515]  INFO -- default-windows2012r2-chef12:  +# THIS FILE IS MANAGED BY CHEF. ALL CHANGES WILL BE OVERWRITTEN!
I, [2016-01-19T12:05:41.398884 #98515]  INFO -- default-windows2012r2-chef12:  +
I, [2016-01-19T12:05:41.398936 #98515]  INFO -- default-windows2012r2-chef12:   #********************************************************************
I, [2016-01-19T12:05:41.398958 #98515]  INFO -- default-windows2012r2-chef12:   # Java Service Wrapper Properties for TeamCity Agent Launcher
I, [2016-01-19T12:05:41.398976 #98515]  INFO -- default-windows2012r2-chef12:   #********************************************************************
I, [2016-01-19T12:05:41.398992 #98515]  INFO -- default-windows2012r2-chef12:  @@ -8,7 +10,7 @@
I, [2016-01-19T12:05:41.399009 #98515]  INFO -- default-windows2012r2-chef12:   ###
I, [2016-01-19T12:05:41.399025 #98515]  INFO -- default-windows2012r2-chef12:   #####################################################################
I, [2016-01-19T12:05:41.399040 #98515]  INFO -- default-windows2012r2-chef12:   
I, [2016-01-19T12:05:41.399056 #98515]  INFO -- default-windows2012r2-chef12:  -wrapper.java.command=java
I, [2016-01-19T12:05:41.399071 #98515]  INFO -- default-windows2012r2-chef12:  +wrapper.java.command=C:\Program Files\Java\jdk1.7.0_21/bin/java.exe
I, [2016-01-19T12:05:41.399086 #98515]  INFO -- default-windows2012r2-chef12:   
I, [2016-01-19T12:05:41.399101 #98515]  INFO -- default-windows2012r2-chef12:   wrapper.java.mainclass=org.tanukisoftware.wrapper.WrapperSimpleApp
I, [2016-01-19T12:05:41.399116 #98515]  INFO -- default-windows2012r2-chef12:   
I, [2016-01-19T12:05:41.399132 #98515]  INFO -- default-windows2012r2-chef12:  @@ -57,7 +59,7 @@
I, [2016-01-19T12:05:41.399146 #98515]  INFO -- default-windows2012r2-chef12:   
I, [2016-01-19T12:05:41.399161 #98515]  INFO -- default-windows2012r2-chef12:   wrapper.working.dir=../../bin
I, [2016-01-19T12:05:41.399176 #98515]  INFO -- default-windows2012r2-chef12:   
I, [2016-01-19T12:05:41.399191 #98515]  INFO -- default-windows2012r2-chef12:  -wrapper.ping.timeout=0
I, [2016-01-19T12:05:41.399206 #98515]  INFO -- default-windows2012r2-chef12:  +wrapper.ping.timeout=300
I, [2016-01-19T12:05:41.399220 #98515]  INFO -- default-windows2012r2-chef12:   
I, [2016-01-19T12:05:41.399245 #98515]  INFO -- default-windows2012r2-chef12:   #********************************************************************
I, [2016-01-19T12:05:41.399262 #98515]  INFO -- default-windows2012r2-chef12:   # Wrapper Logging Properties
I, [2016-01-19T12:05:41.399278 #98515]  INFO -- default-windows2012r2-chef12:  @@ -94,7 +96,7 @@
I, [2016-01-19T12:05:41.399293 #98515]  INFO -- default-windows2012r2-chef12:   # Wrapper Windows Properties
I, [2016-01-19T12:05:41.399308 #98515]  INFO -- default-windows2012r2-chef12:   #********************************************************************
I, [2016-01-19T12:05:41.399324 #98515]  INFO -- default-windows2012r2-chef12:   # Title to use when running as a console
I, [2016-01-19T12:05:41.399340 #98515]  INFO -- default-windows2012r2-chef12:  -wrapper.console.title=TeamCity Build Agent
I, [2016-01-19T12:05:41.399356 #98515]  INFO -- default-windows2012r2-chef12:  +wrapper.console.title=TeamCity Build Agent - default
I, [2016-01-19T12:05:41.399371 #98515]  INFO -- default-windows2012r2-chef12:   
I, [2016-01-19T12:05:41.399386 #98515]  INFO -- default-windows2012r2-chef12:   #********************************************************************
I, [2016-01-19T12:05:41.399402 #98515]  INFO -- default-windows2012r2-chef12:   # Wrapper Windows NT/2000/XP Service Properties
I, [2016-01-19T12:05:41.399417 #98515]  INFO -- default-windows2012r2-chef12:  @@ -105,10 +107,10 @@
I, [2016-01-19T12:05:41.399432 #98515]  INFO -- default-windows2012r2-chef12:   #  service can then be reinstalled.
I, [2016-01-19T12:05:41.399447 #98515]  INFO -- default-windows2012r2-chef12:   
I, [2016-01-19T12:05:41.399462 #98515]  INFO -- default-windows2012r2-chef12:   # Name of the service
I, [2016-01-19T12:05:41.399477 #98515]  INFO -- default-windows2012r2-chef12:  -wrapper.ntservice.name=TCBuildAgent
I, [2016-01-19T12:05:41.399492 #98515]  INFO -- default-windows2012r2-chef12:  +wrapper.ntservice.name=TCBuildAgent_default
I, [2016-01-19T12:05:41.399506 #98515]  INFO -- default-windows2012r2-chef12:   
I, [2016-01-19T12:05:41.399521 #98515]  INFO -- default-windows2012r2-chef12:   # Display name of the service
I, [2016-01-19T12:05:41.399536 #98515]  INFO -- default-windows2012r2-chef12:  -wrapper.ntservice.displayname=TeamCity Build Agent
I, [2016-01-19T12:05:41.399552 #98515]  INFO -- default-windows2012r2-chef12:  +wrapper.ntservice.displayname=TeamCity Build Agent - default
I, [2016-01-19T12:05:41.399567 #98515]  INFO -- default-windows2012r2-chef12:   
I, [2016-01-19T12:05:41.399582 #98515]  INFO -- default-windows2012r2-chef12:   # Description of the service
I, [2016-01-19T12:05:41.399597 #98515]  INFO -- default-windows2012r2-chef12:   wrapper.ntservice.description=TeamCity Build Agent Service
I, [2016-01-19T12:05:41.400338 #98515]  INFO -- default-windows2012r2-chef12: 
I, [2016-01-19T12:05:41.400426 #98515]  INFO -- default-windows2012r2-chef12: 
I, [2016-01-19T12:05:41.400452 #98515]  INFO -- default-windows2012r2-chef12:   * execute[C:/home/teamcity/bin/service.stop.bat] action run (skipped due to only_if)
I, [2016-01-19T12:05:41.400468 #98515]  INFO -- default-windows2012r2-chef12:   * execute[configure-service] action run (skipped due to not_if)
I, [2016-01-19T12:05:45.296830 #98515]  INFO -- default-windows2012r2-chef12: 
I, [2016-01-19T12:05:45.296932 #98515]  INFO -- default-windows2012r2-chef12: 
I, [2016-01-19T12:05:45.296987 #98515]  INFO -- default-windows2012r2-chef12: 
I, [2016-01-19T12:05:45.297090 #98515]  INFO -- default-windows2012r2-chef12: 
I, [2016-01-19T12:05:45.297124 #98515]  INFO -- default-windows2012r2-chef12: Running handlers complete
I, [2016-01-19T12:05:45.297153 #98515]  INFO -- default-windows2012r2-chef12: Chef Client finished, 15/17 resources updated in 59.265544 seconds
I, [2016-01-19T12:05:45.390462 #98515]  INFO -- default-windows2012r2-chef12: Finished converging <default-windows2012r2-chef12> (1m14.70s).
I, [2016-01-19T12:05:45.390561 #98515]  INFO -- default-windows2012r2-chef12: -----> Setting up <default-windows2012r2-chef12>...
I, [2016-01-19T12:05:45.397020 #98515]  INFO -- default-windows2012r2-chef12: Finished setting up <default-windows2012r2-chef12> (0m0.00s).
I, [2016-01-19T12:05:45.397129 #98515]  INFO -- default-windows2012r2-chef12: -----> Verifying <default-windows2012r2-chef12>...
I, [2016-01-19T12:05:45.397763 #98515]  INFO -- default-windows2012r2-chef12: Preparing files for transfer
I, [2016-01-19T12:05:45.398040 #98515]  INFO -- default-windows2012r2-chef12: Transferring files to <default-windows2012r2-chef12>
I, [2016-01-19T12:05:46.856998 #98515]  INFO -- default-windows2012r2-chef12: Finished verifying <default-windows2012r2-chef12> (0m1.46s).
I, [2016-01-19T12:05:46.857934 #98515]  INFO -- default-windows2012r2-chef12: -----> Destroying <default-windows2012r2-chef12>...
I, [2016-01-19T12:05:50.750526 #98515]  INFO -- default-windows2012r2-chef12: ==> default: Forcing shutdown of VM...
I, [2016-01-19T12:05:52.365538 #98515]  INFO -- default-windows2012r2-chef12: ==> default: Destroying VM and associated drives...
I, [2016-01-19T12:05:52.689204 #98515]  INFO -- default-windows2012r2-chef12: Vagrant instance <default-windows2012r2-chef12> destroyed.
I, [2016-01-19T12:05:52.690112 #98515]  INFO -- default-windows2012r2-chef12: Finished destroying <default-windows2012r2-chef12> (0m5.83s).
I, [2016-01-19T12:05:52.690387 #98515]  INFO -- default-windows2012r2-chef12: Finished testing <default-windows2012r2-chef12> (3m58.80s).
